{
  "stats": {
    "suites": 3,
    "tests": 37,
    "passes": 37,
    "pending": 0,
    "failures": 0,
    "testsRegistered": 37,
    "passPercent": 100,
    "pendingPercent": 0,
    "other": 0,
    "hasOther": false,
    "skipped": 0,
    "hasSkipped": false,
    "start": "2025-06-12T02:53:30.695Z",
    "end": "2025-06-12T02:56:00.495Z",
    "duration": 149800
  },
  "results": [
    {
      "uuid": "c49f907f-a75d-4a98-aa73-afea46de8c58",
      "title": "",
      "fullFile": "cypress/e2e/1-register-login/register-job-seeker.cy.js",
      "file": "cypress/e2e/1-register-login/register-job-seeker.cy.js",
      "beforeHooks": [],
      "afterHooks": [],
      "tests": [],
      "suites": [
        {
          "uuid": "869acf11-6f52-4670-92c9-0898af6f77bd",
          "title": "Register to Dealls as Job Seeker",
          "fullFile": "",
          "file": "",
          "beforeHooks": [],
          "afterHooks": [],
          "tests": [
            {
              "title": "Onboarding step for new user job seeker",
              "fullTitle": "Register to Dealls as Job Seeker Onboarding step for new user job seeker",
              "timedOut": null,
              "duration": 18077,
              "state": "passed",
              "speed": "slow",
              "pass": true,
              "fail": false,
              "pending": false,
              "context": null,
              "code": "cy.xpath(`//a[normalize-space()='${input[lang].signup}']`).click();\ncy.url().should('include', '/sign-up');\n//click on Job Seeker button\ncy.xpath(`//div[@class=\"!px-4 mt-6 flex flex-row flex-wrap items-start justify-center gap-4 md:gap-[42px]\"]/div[1]//a`).click({\n  force: true\n});\n//1st step\ncy.url().should('include', '/onboarding');\ncy.get('#fullName').click().type(`${dataTalent.name}`);\ncy.get('button[type=\"submit\"]').click({\n  force: true\n});\n//2nd step\ncy.url().should('include', '/onboarding?step=2');\ncy.get('#jobSearchStatus').click();\ncy.xpath(`(//div[@class=\"rc-virtual-list-holder-inner\"])[1]/div`).should('have.length', 3).then(elements => {\n  const randomIndex = Math.floor(Math.random() * elements.length) + 1;\n  cy.xpath(`//div[@class=\"rc-virtual-list-holder-inner\"]/div[${randomIndex}]`).click();\n});\ncy.get('#whatsapp').click().type(`${dataTalent.phone}`);\ncy.get('#email').click().type(`${dataTalent.email}`);\ncy.get('#linkedInUrl').click().type(`${dataTalent.linkedIn}`);\ncy.get('#campus').click().type(`${dataTalent.lastEducation}`);\ncy.get(`button[type=\"button\"]`).then(elements => {\n  const index = [...elements].findIndex(el => el.innerText.trim().includes(dataTalent.lastEducation));\n  cy.log(`${index}`);\n  cy.xpath(`(//button[@type=\"button\"])[${index + 1}]`).click({\n    force: true\n  });\n  cy.xpath(`//span[@class=\"ant-select-selection-item\" and @title=\"${dataTalent.lastEducation}\"]`).should('be.visible').and('contain.text', dataTalent.lastEducation);\n});\ncy.get('#eligibility').click({\n  multiple: true\n});\ncy.xpath(`(//div[@class=\"rc-virtual-list-holder-inner\"])[2]/div`).should('have.length.greaterThan', 4).then(elements => {\n  const randomIndex = Math.floor(Math.random() * elements.length) + 1;\n  cy.xpath(`(//div[@class=\"rc-virtual-list-holder-inner\"])[2]/div[${randomIndex}]`).click({\n    force: true\n  });\n});\ncy.xpath(`//button[@type=\"submit\"]`).should('not.be.disabled').and('have.text', input[lang].nextbtn).click({\n  force: true\n});\ncy.wait(1000);\n//3rd step\ncy.url().should('include', '/onboarding?step=3');\ncy.xpath(\"//button[p[contains(text(),'Skip for now, my CV is not ready')] and p[contains(text(),'Fill in your experience directly')]]\").click({\n  multiple: true\n});\ncy.xpath(`//button[@type=\"submit\"]`).should('not.be.disabled').and('have.text', input[lang].nextbtn).click({\n  force: true\n});\ncy.wait(1000);\n//4th step\ncy.url().should('include', '/onboarding?step=4');\n// tab kerja\ncy.xpath(`//button[span[contains(text(),\"${input[lang].work}\")]]`).click({\n  force: true\n});\ncy.get(`#companyName`).click().type(`${dataTalent.work_exp.company}`);\ncy.get(`button[type=\"button\"]`).then(elements => {\n  const index = [...elements].findIndex(el => el.innerText.trim().includes(dataTalent.work_exp.company));\n  cy.log(`${index}`);\n  cy.xpath(`(//button[@type=\"button\"])[${index + 1}]`).click({\n    force: true\n  });\n  cy.xpath(`//span[@class=\"ant-select-selection-item\" and @title=\"${dataTalent.work_exp.company}\"]`);\n});\ncy.get(`#roleLevel`).click().type(`${dataTalent.work_exp.level}`);\ncy.get(`button[type=\"button\"]`).then(elements => {\n  const index = [...elements].findIndex(el => el.innerText.trim().includes(dataTalent.work_exp.level));\n  cy.log(`${index}`);\n  cy.xpath(`(//button[@type=\"button\"])[${index + 1}]`).click({\n    force: true\n  });\n  cy.xpath(`//span[@class=\"ant-select-selection-item\" and @title=\"${dataTalent.work_exp.level}\"]`);\n});\ncy.get(`#roleName`).click().type(`${dataTalent.work_exp.role}`);\ncy.get(`button[type=\"button\"]`).then(elements => {\n  const index = [...elements].findIndex(el => el.innerText.trim().includes(dataTalent.work_exp.role));\n  cy.log(`${index}`);\n  cy.xpath(`(//button[@type=\"button\"])[${index + 1}]`).click({\n    force: true\n  });\n  cy.xpath(`//span[@class=\"ant-select-selection-item\" and @title=\"${dataTalent.work_exp.role}\"]`);\n});\ncy.get(`#startDate`).click().type(`${dataTalent.work_exp.dateStart}`);\ncy.get(`#endDate`).click().type(`${dataTalent.work_exp.dateEnd}`);\ncy.xpath(`//button[@type=\"submit\"]`).should('not.be.disabled').and('have.text', input[lang].nextbtn).click({\n  force: true\n});\ncy.wait(1000);\n//5th step\ncy.url().should('include', '/onboarding?step=5');\ncy.xpath(`//button[@type=\"submit\"]`).should('not.be.disabled').and('have.text', input[lang].nextbtn).click({\n  force: true\n});\ncy.wait(1000);\n//6th step\ncy.url().should('include', '/onboarding?step=6');\ncy.get(`#password`).click().type('password');\ncy.get(`#passwordConfirmation`).type('password');\ncy.get(`#checkPrivacyPolicy`).check();\ncy.then(() => {\n  const user = {\n    username: dataTalent.email,\n    password: 'password'\n  };\n  cy.writeFile('cypress/fixtures/job_seeker_user.json', user);\n});\ncy.get(`#dealls-onboarding-finish`).should('not.be.disabled').and('have.text', input[lang].finishbtn).click({\n  force: true\n});\n//welcome user\ncy.url().should('include', '/?welcome=true');\ncy.xpath(`//button[@type=\"button\" and @aria-label=\"Close\"]`).click({\n  force: true\n});",
              "err": {},
              "uuid": "47477ede-88b4-4535-8c06-29eb981ca77d",
              "parentUUID": "869acf11-6f52-4670-92c9-0898af6f77bd",
              "isHook": false,
              "skipped": false
            },
            {
              "title": "Login with Job Seeker account",
              "fullTitle": "Register to Dealls as Job Seeker Login with Job Seeker account",
              "timedOut": null,
              "duration": 2302,
              "state": "passed",
              "speed": "fast",
              "pass": true,
              "fail": false,
              "pending": false,
              "context": null,
              "code": "cy.xpath(`//a[normalize-space()='${input[lang].login}']`).click();\ncy.url().should('include', '/sign-in');\ncy.get(`#basic_email`).click().type(`${userJob.username}`);\ncy.get(`#basic_password`).click().type(`${userJob.password}`);\ncy.xpath(`//button[@type=\"submit\"]`).click({\n  force: true\n});",
              "err": {},
              "uuid": "ff46d07f-63a1-48ee-900c-58ca8f06a762",
              "parentUUID": "869acf11-6f52-4670-92c9-0898af6f77bd",
              "isHook": false,
              "skipped": false
            }
          ],
          "suites": [],
          "passes": [
            "47477ede-88b4-4535-8c06-29eb981ca77d",
            "ff46d07f-63a1-48ee-900c-58ca8f06a762"
          ],
          "failures": [],
          "pending": [],
          "skipped": [],
          "duration": 20379,
          "root": false,
          "rootEmpty": false,
          "_timeout": 2000
        }
      ],
      "passes": [],
      "failures": [],
      "pending": [],
      "skipped": [],
      "duration": 0,
      "root": true,
      "rootEmpty": true,
      "_timeout": 2000
    },
    {
      "uuid": "625d8b77-7b96-4b68-9588-26207d48ec98",
      "title": "",
      "fullFile": "cypress/e2e/1-register-login/register-mentor.cy.js",
      "file": "cypress/e2e/1-register-login/register-mentor.cy.js",
      "beforeHooks": [],
      "afterHooks": [],
      "tests": [],
      "suites": [
        {
          "uuid": "88c05428-cead-4b13-be95-73beb44e5699",
          "title": "Register to Dealls as a Mentor",
          "fullFile": "",
          "file": "",
          "beforeHooks": [],
          "afterHooks": [],
          "tests": [
            {
              "title": "Onboarding step for new mentor",
              "fullTitle": "Register to Dealls as a Mentor Onboarding step for new mentor",
              "timedOut": null,
              "duration": 4979,
              "state": "passed",
              "speed": "fast",
              "pass": true,
              "fail": false,
              "pending": false,
              "context": null,
              "code": "cy.xpath(`//a[normalize-space()='${input[lang].signup}']`).click();\ncy.url().should('include', '/sign-up');\n//click on Job Seeker button\ncy.xpath(`//div[@class=\"!px-4 mt-6 flex flex-row flex-wrap items-start justify-center gap-4 md:gap-[42px]\"]/div[2]//a`).click({\n  force: true\n});\n//1st step\ncy.url().should('include', '/onboarding?step=1');\ncy.get(`#mentor-onboarding_fullName`).click().type(`${dataTalent.name}`);\ncy.get('#mentor-onboarding_email').click().type(`${dataTalent.email}`);\ncy.get('#mentor-onboarding_whatsapp').click().type(`${dataTalent.phone}`);\ncy.get('#mentor-onboarding_linkedInUrl').click().type(`${dataTalent.linkedIn}`);\ncy.get('#mentor-onboarding_instagramUrl').click().type(`${dataTalent.instagram}`);\ncy.get('button[type=\"submit\"]').click({\n  force: true\n});",
              "err": {},
              "uuid": "d4d62dd5-d09d-4a7f-ac91-e9d75f3eac33",
              "parentUUID": "88c05428-cead-4b13-be95-73beb44e5699",
              "isHook": false,
              "skipped": false
            }
          ],
          "suites": [],
          "passes": [
            "d4d62dd5-d09d-4a7f-ac91-e9d75f3eac33"
          ],
          "failures": [],
          "pending": [],
          "skipped": [],
          "duration": 4979,
          "root": false,
          "rootEmpty": false,
          "_timeout": 2000
        }
      ],
      "passes": [],
      "failures": [],
      "pending": [],
      "skipped": [],
      "duration": 0,
      "root": true,
      "rootEmpty": true,
      "_timeout": 2000
    },
    {
      "uuid": "a8d5c579-7fdd-466d-b8e0-d4ed17a8cdc8",
      "title": "",
      "fullFile": "cypress/e2e/3-mentoring/landing-page-mentoring.cy.js",
      "file": "cypress/e2e/3-mentoring/landing-page-mentoring.cy.js",
      "beforeHooks": [],
      "afterHooks": [],
      "tests": [],
      "suites": [
        {
          "uuid": "d4c688b7-d06d-4a69-bd8c-792a842d9db0",
          "title": "Landing Page Mentoring",
          "fullFile": "",
          "file": "",
          "beforeHooks": [],
          "afterHooks": [],
          "tests": [],
          "suites": [
            {
              "uuid": "838c7916-3194-46e5-bf32-bc19ea9d0a29",
              "title": "List Mentoring",
              "fullFile": "",
              "file": "",
              "beforeHooks": [],
              "afterHooks": [],
              "tests": [],
              "suites": [
                {
                  "uuid": "a4ae4cdb-cb83-491d-b6af-25c316f2d9f3",
                  "title": "List Mentoring Karier",
                  "fullFile": "",
                  "file": "",
                  "beforeHooks": [],
                  "afterHooks": [],
                  "tests": [
                    {
                      "title": "should display the mentoring landing page at Karier Tab",
                      "fullTitle": "Landing Page Mentoring List Mentoring List Mentoring Karier should display the mentoring landing page at Karier Tab",
                      "timedOut": null,
                      "duration": 1418,
                      "state": "passed",
                      "speed": "fast",
                      "pass": true,
                      "fail": false,
                      "pending": false,
                      "context": null,
                      "code": "cy.url().should('include', '/mentoring');",
                      "err": {},
                      "uuid": "0d97ec97-5d86-4a2c-9c89-dd1a72976024",
                      "parentUUID": "a4ae4cdb-cb83-491d-b6af-25c316f2d9f3",
                      "isHook": false,
                      "skipped": false
                    },
                    {
                      "title": "should show the list of accounting mentors at Karier tab",
                      "fullTitle": "Landing Page Mentoring List Mentoring List Mentoring Karier should show the list of accounting mentors at Karier tab",
                      "timedOut": null,
                      "duration": 1262,
                      "state": "passed",
                      "speed": "fast",
                      "pass": true,
                      "fail": false,
                      "pending": false,
                      "context": null,
                      "code": "cy.xpath(`//div[@class=\"swiper-wrapper\"]/div[2]`).click({\n  multiple: true\n});",
                      "err": {},
                      "uuid": "d2320d5b-c6fb-4dcd-be60-0f2b6d275d94",
                      "parentUUID": "a4ae4cdb-cb83-491d-b6af-25c316f2d9f3",
                      "isHook": false,
                      "skipped": false
                    },
                    {
                      "title": "should show the list of art & design mentors at Karier tab",
                      "fullTitle": "Landing Page Mentoring List Mentoring List Mentoring Karier should show the list of art & design mentors at Karier tab",
                      "timedOut": null,
                      "duration": 1142,
                      "state": "passed",
                      "speed": "fast",
                      "pass": true,
                      "fail": false,
                      "pending": false,
                      "context": null,
                      "code": "cy.xpath(`//div[@class=\"swiper-wrapper\"]/div[3]`).click({\n  multiple: true\n});",
                      "err": {},
                      "uuid": "42e34b14-4c5d-4329-a373-5df1e485505f",
                      "parentUUID": "a4ae4cdb-cb83-491d-b6af-25c316f2d9f3",
                      "isHook": false,
                      "skipped": false
                    },
                    {
                      "title": "should show the list of business mentors at Karier tab",
                      "fullTitle": "Landing Page Mentoring List Mentoring List Mentoring Karier should show the list of business mentors at Karier tab",
                      "timedOut": null,
                      "duration": 1022,
                      "state": "passed",
                      "speed": "fast",
                      "pass": true,
                      "fail": false,
                      "pending": false,
                      "context": null,
                      "code": "cy.xpath(`//div[@class=\"swiper-wrapper\"]/div[4]`).click({\n  multiple: true\n});",
                      "err": {},
                      "uuid": "e59f9ceb-92cb-4cb2-9e45-715d2ed5de66",
                      "parentUUID": "a4ae4cdb-cb83-491d-b6af-25c316f2d9f3",
                      "isHook": false,
                      "skipped": false
                    },
                    {
                      "title": "should show the list of data mentors at Karier tab",
                      "fullTitle": "Landing Page Mentoring List Mentoring List Mentoring Karier should show the list of data mentors at Karier tab",
                      "timedOut": null,
                      "duration": 1072,
                      "state": "passed",
                      "speed": "fast",
                      "pass": true,
                      "fail": false,
                      "pending": false,
                      "context": null,
                      "code": "cy.xpath(`//div[@class=\"swiper-wrapper\"]/div[5]`).click({\n  multiple: true\n});",
                      "err": {},
                      "uuid": "8576ce72-2802-41a5-b8da-09ef82fbdfe6",
                      "parentUUID": "a4ae4cdb-cb83-491d-b6af-25c316f2d9f3",
                      "isHook": false,
                      "skipped": false
                    },
                    {
                      "title": "should show the list of finance mentors at Karier tab",
                      "fullTitle": "Landing Page Mentoring List Mentoring List Mentoring Karier should show the list of finance mentors at Karier tab",
                      "timedOut": null,
                      "duration": 1199,
                      "state": "passed",
                      "speed": "fast",
                      "pass": true,
                      "fail": false,
                      "pending": false,
                      "context": null,
                      "code": "cy.xpath(`//div[@class=\"swiper-wrapper\"]/div[6]`).click({\n  multiple: true\n});",
                      "err": {},
                      "uuid": "39e00904-9614-48e8-ad5b-053704d2add5",
                      "parentUUID": "a4ae4cdb-cb83-491d-b6af-25c316f2d9f3",
                      "isHook": false,
                      "skipped": false
                    },
                    {
                      "title": "should show the list of HR mentors at Karier tab",
                      "fullTitle": "Landing Page Mentoring List Mentoring List Mentoring Karier should show the list of HR mentors at Karier tab",
                      "timedOut": null,
                      "duration": 1118,
                      "state": "passed",
                      "speed": "fast",
                      "pass": true,
                      "fail": false,
                      "pending": false,
                      "context": null,
                      "code": "cy.xpath(`//div[@class=\"swiper-wrapper\"]/div[7]`).click({\n  multiple: true\n});",
                      "err": {},
                      "uuid": "3187f2aa-8262-43ac-9d9c-18e2796f5244",
                      "parentUUID": "a4ae4cdb-cb83-491d-b6af-25c316f2d9f3",
                      "isHook": false,
                      "skipped": false
                    },
                    {
                      "title": "should show the list of IT & Eng mentors at Karier tab",
                      "fullTitle": "Landing Page Mentoring List Mentoring List Mentoring Karier should show the list of IT & Eng mentors at Karier tab",
                      "timedOut": null,
                      "duration": 1178,
                      "state": "passed",
                      "speed": "fast",
                      "pass": true,
                      "fail": false,
                      "pending": false,
                      "context": null,
                      "code": "cy.xpath(`//div[@class=\"swiper-wrapper\"]/div[8]`).click({\n  multiple: true\n});",
                      "err": {},
                      "uuid": "cd6d9393-c40c-49d4-8b00-d587c0594b34",
                      "parentUUID": "a4ae4cdb-cb83-491d-b6af-25c316f2d9f3",
                      "isHook": false,
                      "skipped": false
                    },
                    {
                      "title": "should show the list of Law & Consulting mentors at Karier tab",
                      "fullTitle": "Landing Page Mentoring List Mentoring List Mentoring Karier should show the list of Law & Consulting mentors at Karier tab",
                      "timedOut": null,
                      "duration": 1093,
                      "state": "passed",
                      "speed": "fast",
                      "pass": true,
                      "fail": false,
                      "pending": false,
                      "context": null,
                      "code": "cy.xpath(`//div[@class=\"swiper-wrapper\"]/div[9]`).click({\n  multiple: true\n});",
                      "err": {},
                      "uuid": "33a2c3c7-d48e-400a-a9bc-2b7de13ee6a8",
                      "parentUUID": "a4ae4cdb-cb83-491d-b6af-25c316f2d9f3",
                      "isHook": false,
                      "skipped": false
                    },
                    {
                      "title": "should show the list of Product mentors at Karier tab",
                      "fullTitle": "Landing Page Mentoring List Mentoring List Mentoring Karier should show the list of Product mentors at Karier tab",
                      "timedOut": null,
                      "duration": 1043,
                      "state": "passed",
                      "speed": "fast",
                      "pass": true,
                      "fail": false,
                      "pending": false,
                      "context": null,
                      "code": "cy.xpath(`//div[@class=\"swiper-wrapper\"]/div[10]`).click({\n  multiple: true\n});",
                      "err": {},
                      "uuid": "fc65da1b-d992-4fca-aa7f-505c6e2ff544",
                      "parentUUID": "a4ae4cdb-cb83-491d-b6af-25c316f2d9f3",
                      "isHook": false,
                      "skipped": false
                    },
                    {
                      "title": "should show the list of Sales & Ops mentors at Karier tab",
                      "fullTitle": "Landing Page Mentoring List Mentoring List Mentoring Karier should show the list of Sales & Ops mentors at Karier tab",
                      "timedOut": null,
                      "duration": 1015,
                      "state": "passed",
                      "speed": "fast",
                      "pass": true,
                      "fail": false,
                      "pending": false,
                      "context": null,
                      "code": "cy.xpath(`//div[@class=\"swiper-wrapper\"]/div[11]`).click({\n  multiple: true\n});",
                      "err": {},
                      "uuid": "e3756f9d-92e2-420b-97b0-c3f3550f9bbb",
                      "parentUUID": "a4ae4cdb-cb83-491d-b6af-25c316f2d9f3",
                      "isHook": false,
                      "skipped": false
                    }
                  ],
                  "suites": [],
                  "passes": [
                    "0d97ec97-5d86-4a2c-9c89-dd1a72976024",
                    "d2320d5b-c6fb-4dcd-be60-0f2b6d275d94",
                    "42e34b14-4c5d-4329-a373-5df1e485505f",
                    "e59f9ceb-92cb-4cb2-9e45-715d2ed5de66",
                    "8576ce72-2802-41a5-b8da-09ef82fbdfe6",
                    "39e00904-9614-48e8-ad5b-053704d2add5",
                    "3187f2aa-8262-43ac-9d9c-18e2796f5244",
                    "cd6d9393-c40c-49d4-8b00-d587c0594b34",
                    "33a2c3c7-d48e-400a-a9bc-2b7de13ee6a8",
                    "fc65da1b-d992-4fca-aa7f-505c6e2ff544",
                    "e3756f9d-92e2-420b-97b0-c3f3550f9bbb"
                  ],
                  "failures": [],
                  "pending": [],
                  "skipped": [],
                  "duration": 12562,
                  "root": false,
                  "rootEmpty": false,
                  "_timeout": 2000
                },
                {
                  "uuid": "71622561-fe23-4ad1-af95-bb59eb42acd5",
                  "title": "List Mentoring Akademik",
                  "fullFile": "",
                  "file": "",
                  "beforeHooks": [],
                  "afterHooks": [],
                  "tests": [
                    {
                      "title": "should display the mentoring landing page at Akademik Tab",
                      "fullTitle": "Landing Page Mentoring List Mentoring List Mentoring Akademik should display the mentoring landing page at Akademik Tab",
                      "timedOut": null,
                      "duration": 965,
                      "state": "passed",
                      "speed": "fast",
                      "pass": true,
                      "fail": false,
                      "pending": false,
                      "context": null,
                      "code": "cy.url().should('include', '/mentoring?mTab=academics');",
                      "err": {},
                      "uuid": "f2745d15-9048-4cc3-98ba-250fbf9655ed",
                      "parentUUID": "71622561-fe23-4ad1-af95-bb59eb42acd5",
                      "isHook": false,
                      "skipped": false
                    },
                    {
                      "title": "should show the list of Beasiswa S1 mentors at Karier tab",
                      "fullTitle": "Landing Page Mentoring List Mentoring List Mentoring Akademik should show the list of Beasiswa S1 mentors at Karier tab",
                      "timedOut": null,
                      "duration": 1119,
                      "state": "passed",
                      "speed": "fast",
                      "pass": true,
                      "fail": false,
                      "pending": false,
                      "context": null,
                      "code": "cy.xpath(`//div[@class=\"swiper-wrapper\"]//a[contains(text(),\"Beasiswa S1\")]`).click({\n  multiple: true\n});",
                      "err": {},
                      "uuid": "95b958a3-ba61-43d5-8147-db3843388b44",
                      "parentUUID": "71622561-fe23-4ad1-af95-bb59eb42acd5",
                      "isHook": false,
                      "skipped": false
                    },
                    {
                      "title": "should show the list of Beasiswa S2 mentors at Karier tab",
                      "fullTitle": "Landing Page Mentoring List Mentoring List Mentoring Akademik should show the list of Beasiswa S2 mentors at Karier tab",
                      "timedOut": null,
                      "duration": 1245,
                      "state": "passed",
                      "speed": "fast",
                      "pass": true,
                      "fail": false,
                      "pending": false,
                      "context": null,
                      "code": "cy.xpath(`//div[@class=\"swiper-wrapper\"]//a[contains(text(),\"Beasiswa S2\")]`).click({\n  multiple: true\n});",
                      "err": {},
                      "uuid": "17ecd662-81d7-4933-99ee-bfd83e9d6a2e",
                      "parentUUID": "71622561-fe23-4ad1-af95-bb59eb42acd5",
                      "isHook": false,
                      "skipped": false
                    },
                    {
                      "title": "should show the list of IISMA/ Exchange mentors at Karier tab",
                      "fullTitle": "Landing Page Mentoring List Mentoring List Mentoring Akademik should show the list of IISMA/ Exchange mentors at Karier tab",
                      "timedOut": null,
                      "duration": 1218,
                      "state": "passed",
                      "speed": "fast",
                      "pass": true,
                      "fail": false,
                      "pending": false,
                      "context": null,
                      "code": "cy.xpath(`//div[@class=\"swiper-wrapper\"]//a[contains(text(),\"SMA\")]`).click({\n  multiple: true\n});",
                      "err": {},
                      "uuid": "8fb8d548-444b-4f34-8265-9fc15695ba4a",
                      "parentUUID": "71622561-fe23-4ad1-af95-bb59eb42acd5",
                      "isHook": false,
                      "skipped": false
                    },
                    {
                      "title": "should show the list of Internship mentors at Karier tab",
                      "fullTitle": "Landing Page Mentoring List Mentoring List Mentoring Akademik should show the list of Internship mentors at Karier tab",
                      "timedOut": null,
                      "duration": 1158,
                      "state": "passed",
                      "speed": "fast",
                      "pass": true,
                      "fail": false,
                      "pending": false,
                      "context": null,
                      "code": "cy.xpath(`//div[@class=\"swiper-wrapper\"]//a[contains(text(),\"Internship\")]`).click({\n  multiple: true\n});",
                      "err": {},
                      "uuid": "30e65d62-48e9-40c2-b8ee-1422454a81dd",
                      "parentUUID": "71622561-fe23-4ad1-af95-bb59eb42acd5",
                      "isHook": false,
                      "skipped": false
                    },
                    {
                      "title": "should show the list of Leadership Program mentors at Karier tab",
                      "fullTitle": "Landing Page Mentoring List Mentoring List Mentoring Akademik should show the list of Leadership Program mentors at Karier tab",
                      "timedOut": null,
                      "duration": 1527,
                      "state": "passed",
                      "speed": "fast",
                      "pass": true,
                      "fail": false,
                      "pending": false,
                      "context": null,
                      "code": "cy.xpath(`//div[@class=\"swiper-wrapper\"]//a[contains(text(),\"Leadership\")]`).click({\n  multiple: true\n});",
                      "err": {},
                      "uuid": "673942fb-47ab-4223-9f8a-f47d260ad93a",
                      "parentUUID": "71622561-fe23-4ad1-af95-bb59eb42acd5",
                      "isHook": false,
                      "skipped": false
                    },
                    {
                      "title": "should show the list of Study Abroad mentor at Karier tab",
                      "fullTitle": "Landing Page Mentoring List Mentoring List Mentoring Akademik should show the list of Study Abroad mentor at Karier tab",
                      "timedOut": null,
                      "duration": 1168,
                      "state": "passed",
                      "speed": "fast",
                      "pass": true,
                      "fail": false,
                      "pending": false,
                      "context": null,
                      "code": "cy.xpath(`//div[@class=\"swiper-wrapper\"]//a[contains(text(),\"Study Abroad\")]`).click({\n  multiple: true\n});",
                      "err": {},
                      "uuid": "1de824de-60bb-44e8-a160-9ba45b38a993",
                      "parentUUID": "71622561-fe23-4ad1-af95-bb59eb42acd5",
                      "isHook": false,
                      "skipped": false
                    }
                  ],
                  "suites": [],
                  "passes": [
                    "f2745d15-9048-4cc3-98ba-250fbf9655ed",
                    "95b958a3-ba61-43d5-8147-db3843388b44",
                    "17ecd662-81d7-4933-99ee-bfd83e9d6a2e",
                    "8fb8d548-444b-4f34-8265-9fc15695ba4a",
                    "30e65d62-48e9-40c2-b8ee-1422454a81dd",
                    "673942fb-47ab-4223-9f8a-f47d260ad93a",
                    "1de824de-60bb-44e8-a160-9ba45b38a993"
                  ],
                  "failures": [],
                  "pending": [],
                  "skipped": [],
                  "duration": 8400,
                  "root": false,
                  "rootEmpty": false,
                  "_timeout": 2000
                }
              ],
              "passes": [],
              "failures": [],
              "pending": [],
              "skipped": [],
              "duration": 0,
              "root": false,
              "rootEmpty": false,
              "_timeout": 2000
            },
            {
              "uuid": "f3c8ec4d-51c9-4c5a-83a3-467cd43e7baa",
              "title": "Search and View Mentors",
              "fullFile": "",
              "file": "",
              "beforeHooks": [],
              "afterHooks": [],
              "tests": [],
              "suites": [
                {
                  "uuid": "c0ec2e02-29d7-4b8d-9ff6-aedfc74115e4",
                  "title": "Search Mentors at Karier tab",
                  "fullFile": "",
                  "file": "",
                  "beforeHooks": [],
                  "afterHooks": [],
                  "tests": [
                    {
                      "title": "should be search mentors by name at Karier tab",
                      "fullTitle": "Landing Page Mentoring Search and View Mentors Search Mentors at Karier tab should be search mentors by name at Karier tab",
                      "timedOut": null,
                      "duration": 3285,
                      "state": "passed",
                      "speed": "fast",
                      "pass": true,
                      "fail": false,
                      "pending": false,
                      "context": null,
                      "code": "cy.xpath(`//input[@id=\"searchMentor\"]`).click({\n  force: true\n}).type(`${karier.name}`);\ncy.wait(2000);\ncy.xpath(`//div[@class=\"mt-4 grid grid-cols-1 gap-y-4 lg:mt-6 lg:grid-cols-4 lg:gap-x-[22px] lg:gap-y-5\"]/a//h4`).should('have.length.greaterThan', 0).then($el => {\n  const found = [...$el].some(el => el.innerText.trim().includes(`${karier.name}`));\n  cy.log(`mentor karier found: ${[...$el].map(el => el.innerText.trim()).join(', ')}`);\n  if (found === true) {\n    expect(found).to.be.true;\n  } else {\n    expect(found).to.be.false;\n  }\n});",
                      "err": {},
                      "uuid": "892dc70e-9731-466a-9d4e-7fe1ab9125c9",
                      "parentUUID": "c0ec2e02-29d7-4b8d-9ff6-aedfc74115e4",
                      "isHook": false,
                      "skipped": false
                    },
                    {
                      "title": "should be search mentors by company at Karier tab",
                      "fullTitle": "Landing Page Mentoring Search and View Mentors Search Mentors at Karier tab should be search mentors by company at Karier tab",
                      "timedOut": null,
                      "duration": 3011,
                      "state": "passed",
                      "speed": "fast",
                      "pass": true,
                      "fail": false,
                      "pending": false,
                      "context": null,
                      "code": "cy.xpath(`//input[@id=\"searchMentor\"]`).click({\n  force: true\n}).type(`${karier.company}`);\ncy.wait(2000);\ncy.xpath(`//div[@class=\"mt-4 grid grid-cols-1 gap-y-4 lg:mt-6 lg:grid-cols-4 lg:gap-x-[22px] lg:gap-y-5\"]/a/div[2]/div[2]/div[2]/div`).should('have.length.greaterThan', 0).then($el => {\n  const found = [...$el].some(el => el.innerText.trim().includes(`${karier.company}`));\n  cy.log(`company found: ${[...$el].map(el => el.innerText.trim()).join(', ')}`);\n  if (found === true) {\n    expect(found).to.be.true;\n  } else {\n    expect(found).to.be.false;\n  }\n});",
                      "err": {},
                      "uuid": "ba25f6b1-44e9-4104-90ec-96b6f5654df5",
                      "parentUUID": "c0ec2e02-29d7-4b8d-9ff6-aedfc74115e4",
                      "isHook": false,
                      "skipped": false
                    },
                    {
                      "title": "should be search mentors by role at Karier tab",
                      "fullTitle": "Landing Page Mentoring Search and View Mentors Search Mentors at Karier tab should be search mentors by role at Karier tab",
                      "timedOut": null,
                      "duration": 3228,
                      "state": "passed",
                      "speed": "fast",
                      "pass": true,
                      "fail": false,
                      "pending": false,
                      "context": null,
                      "code": "cy.xpath(`//input[@id=\"searchMentor\"]`).click({\n  force: true\n}).type(`${karier.role}`);\ncy.wait(2000);\ncy.xpath(`//div[@class=\"mt-4 grid grid-cols-1 gap-y-4 lg:mt-6 lg:grid-cols-4 lg:gap-x-[22px] lg:gap-y-5\"]/a/div[2]/div[2]/div[1]/div`).should('have.length.greaterThan', 0).then($el => {\n  const found = [...$el].some(el => el.innerText.trim().includes(`${karier.role}`));\n  cy.log(`role found: ${[...$el].map(el => el.innerText.trim()).join(', ')}`);\n  if (found === true) {\n    expect(found).to.be.true;\n  } else {\n    expect(found).to.be.false;\n  }\n});",
                      "err": {},
                      "uuid": "fcc038f9-ded1-4de4-8f32-8255f9905a3a",
                      "parentUUID": "c0ec2e02-29d7-4b8d-9ff6-aedfc74115e4",
                      "isHook": false,
                      "skipped": false
                    },
                    {
                      "title": "should be search mentors by industries at Karier tab",
                      "fullTitle": "Landing Page Mentoring Search and View Mentors Search Mentors at Karier tab should be search mentors by industries at Karier tab",
                      "timedOut": null,
                      "duration": 3248,
                      "state": "passed",
                      "speed": "fast",
                      "pass": true,
                      "fail": false,
                      "pending": false,
                      "context": null,
                      "code": "cy.xpath(`//input[@id=\"searchMentor\"]`).click({\n  force: true\n}).type(`${karier.industry}`);\ncy.wait(2000);\ncy.xpath(`//div[@class=\"mt-4 grid grid-cols-1 gap-y-4 lg:mt-6 lg:grid-cols-4 lg:gap-x-[22px] lg:gap-y-5\"]/a`).should('have.length.greaterThan', 0).then($el => {\n  const found = [...$el].some(el => el.innerText.trim().includes(`${akademik.company}`));\n  if (found === true) {\n    expect(found).to.be.true;\n  } else {\n    expect(found).to.be.false;\n  }\n});",
                      "err": {},
                      "uuid": "53f56a2d-f2da-4e02-a087-111cb4b00830",
                      "parentUUID": "c0ec2e02-29d7-4b8d-9ff6-aedfc74115e4",
                      "isHook": false,
                      "skipped": false
                    },
                    {
                      "title": "should be search mentors by university at Karier tab",
                      "fullTitle": "Landing Page Mentoring Search and View Mentors Search Mentors at Karier tab should be search mentors by university at Karier tab",
                      "timedOut": null,
                      "duration": 3356,
                      "state": "passed",
                      "speed": "fast",
                      "pass": true,
                      "fail": false,
                      "pending": false,
                      "context": null,
                      "code": "cy.xpath(`//input[@id=\"searchMentor\"]`).click({\n  force: true\n}).type(`${karier.university}`);\ncy.wait(2000);\ncy.xpath(`//div[@class=\"mt-4 grid grid-cols-1 gap-y-4 lg:mt-6 lg:grid-cols-4 lg:gap-x-[22px] lg:gap-y-5\"]/a`).should('have.length.greaterThan', 0).then($el => {\n  const found = [...$el].some(el => el.innerText.trim().includes(`${akademik.company}`));\n  if (found === true) {\n    expect(found).to.be.true;\n  } else {\n    expect(found).to.be.false;\n  }\n});",
                      "err": {},
                      "uuid": "9646a283-e33e-491b-b232-44ec646642ae",
                      "parentUUID": "c0ec2e02-29d7-4b8d-9ff6-aedfc74115e4",
                      "isHook": false,
                      "skipped": false
                    },
                    {
                      "title": "should be search mentors by major / jurusan at Karier tab",
                      "fullTitle": "Landing Page Mentoring Search and View Mentors Search Mentors at Karier tab should be search mentors by major / jurusan at Karier tab",
                      "timedOut": null,
                      "duration": 3139,
                      "state": "passed",
                      "speed": "fast",
                      "pass": true,
                      "fail": false,
                      "pending": false,
                      "context": null,
                      "code": "cy.xpath(`//input[@id=\"searchMentor\"]`).click({\n  force: true\n}).type(`${karier.jurusan}`);\ncy.wait(2000);\ncy.xpath(`//div[@class=\"mt-4 grid grid-cols-1 gap-y-4 lg:mt-6 lg:grid-cols-4 lg:gap-x-[22px] lg:gap-y-5\"]/a`).should('have.length.greaterThan', 0).then($el => {\n  const found = [...$el].some(el => el.innerText.trim().includes(`${akademik.company}`));\n  if (found === true) {\n    expect(found).to.be.true;\n  } else {\n    expect(found).to.be.false;\n  }\n});",
                      "err": {},
                      "uuid": "f76bea30-ff65-43ca-9a95-98d7a8764f17",
                      "parentUUID": "c0ec2e02-29d7-4b8d-9ff6-aedfc74115e4",
                      "isHook": false,
                      "skipped": false
                    },
                    {
                      "title": "should be search mentors by topic at Karier tab",
                      "fullTitle": "Landing Page Mentoring Search and View Mentors Search Mentors at Karier tab should be search mentors by topic at Karier tab",
                      "timedOut": null,
                      "duration": 3721,
                      "state": "passed",
                      "speed": "fast",
                      "pass": true,
                      "fail": false,
                      "pending": false,
                      "context": null,
                      "code": "cy.xpath(`//input[@id=\"searchMentor\"]`).click({\n  force: true\n}).type(`${karier.topics}`);\ncy.wait(2000);\ncy.xpath(`//div[@class=\"mt-4 grid grid-cols-1 gap-y-4 lg:mt-6 lg:grid-cols-4 lg:gap-x-[22px] lg:gap-y-5\"]/a//div[@class=\"rc-overflow\"]//p`).should('have.length.greaterThan', 0).then($el => {\n  const found = [...$el].some(el => el.innerText.trim().includes(`${karier.topics}`));\n  cy.log(`topic found: ${[...$el].map(el => el.innerText.trim()).join(', ')}`);\n  if (found === true) {\n    expect(found).to.be.true;\n  } else {\n    expect(found).to.be.false;\n  }\n});",
                      "err": {},
                      "uuid": "87fa7630-8a70-4788-9bdc-b19435758e1f",
                      "parentUUID": "c0ec2e02-29d7-4b8d-9ff6-aedfc74115e4",
                      "isHook": false,
                      "skipped": false
                    }
                  ],
                  "suites": [],
                  "passes": [
                    "892dc70e-9731-466a-9d4e-7fe1ab9125c9",
                    "ba25f6b1-44e9-4104-90ec-96b6f5654df5",
                    "fcc038f9-ded1-4de4-8f32-8255f9905a3a",
                    "53f56a2d-f2da-4e02-a087-111cb4b00830",
                    "9646a283-e33e-491b-b232-44ec646642ae",
                    "f76bea30-ff65-43ca-9a95-98d7a8764f17",
                    "87fa7630-8a70-4788-9bdc-b19435758e1f"
                  ],
                  "failures": [],
                  "pending": [],
                  "skipped": [],
                  "duration": 22988,
                  "root": false,
                  "rootEmpty": false,
                  "_timeout": 2000
                },
                {
                  "uuid": "bfb1508e-32c1-477a-b9af-169a6f0d289f",
                  "title": "Search Mentors at Akademik tab",
                  "fullFile": "",
                  "file": "",
                  "beforeHooks": [],
                  "afterHooks": [],
                  "tests": [
                    {
                      "title": "should be search mentors by name at Akademik tab",
                      "fullTitle": "Landing Page Mentoring Search and View Mentors Search Mentors at Akademik tab should be search mentors by name at Akademik tab",
                      "timedOut": null,
                      "duration": 3234,
                      "state": "passed",
                      "speed": "fast",
                      "pass": true,
                      "fail": false,
                      "pending": false,
                      "context": null,
                      "code": "cy.xpath(`//input[@id=\"searchMentor\"]`).click({\n  force: true\n}).type(`${akademik.name}`);\ncy.wait(2000);\ncy.xpath(`//div[@class=\"mt-4 grid grid-cols-1 gap-y-4 lg:mt-6 lg:grid-cols-4 lg:gap-x-[22px] lg:gap-y-5\"]/a//h4`).should('have.length.greaterThan', 0).then($el => {\n  const found = [...$el].every(el => el.innerText.trim().includes(`${akademik.name}`));\n  cy.log(`mentor akademik found: ${[...$el].map(el => el.innerText.trim()).join(', ')}`);\n  if (found === true) {\n    expect(found).to.be.true;\n  } else {\n    expect(found).to.be.false;\n  }\n});",
                      "err": {},
                      "uuid": "2cf17b65-996d-4e16-a53b-b4867971e50f",
                      "parentUUID": "bfb1508e-32c1-477a-b9af-169a6f0d289f",
                      "isHook": false,
                      "skipped": false
                    },
                    {
                      "title": "should be search mentors by company at Akademik tab",
                      "fullTitle": "Landing Page Mentoring Search and View Mentors Search Mentors at Akademik tab should be search mentors by company at Akademik tab",
                      "timedOut": null,
                      "duration": 3772,
                      "state": "passed",
                      "speed": "fast",
                      "pass": true,
                      "fail": false,
                      "pending": false,
                      "context": null,
                      "code": "cy.xpath(`//input[@id=\"searchMentor\"]`).click({\n  force: true\n}).type(`${akademik.company}`);\ncy.wait(2000);\ncy.xpath(`//div[@class=\"mt-4 grid grid-cols-1 gap-y-4 lg:mt-6 lg:grid-cols-4 lg:gap-x-[22px] lg:gap-y-5\"]/a`).should('have.length.greaterThan', 0).then($el => {\n  const found = [...$el].some(el => el.innerText.trim().includes(`${akademik.company}`));\n  if (found === true) {\n    expect(found).to.be.true;\n  } else {\n    expect(found).to.be.false;\n  }\n});",
                      "err": {},
                      "uuid": "30421783-ac50-4d50-bf53-3b3d4bc142e7",
                      "parentUUID": "bfb1508e-32c1-477a-b9af-169a6f0d289f",
                      "isHook": false,
                      "skipped": false
                    },
                    {
                      "title": "should be search mentors by role at Akademik tab",
                      "fullTitle": "Landing Page Mentoring Search and View Mentors Search Mentors at Akademik tab should be search mentors by role at Akademik tab",
                      "timedOut": null,
                      "duration": 3689,
                      "state": "passed",
                      "speed": "fast",
                      "pass": true,
                      "fail": false,
                      "pending": false,
                      "context": null,
                      "code": "cy.xpath(`//input[@id=\"searchMentor\"]`).click({\n  force: true\n}).type(`${akademik.role}`);\ncy.wait(2000);\ncy.xpath(`//div[@class=\"mt-4 grid grid-cols-1 gap-y-4 lg:mt-6 lg:grid-cols-4 lg:gap-x-[22px] lg:gap-y-5\"]/a`).should('have.length.greaterThan', 0).then($el => {\n  const found = [...$el].some(el => el.innerText.trim().includes(`${akademik.role}`));\n  if (found === true) {\n    expect(found).to.be.true;\n  } else {\n    expect(found).to.be.false;\n  }\n});",
                      "err": {},
                      "uuid": "0fd27b0a-0db7-4c1c-9b8a-1ad5c5ec558e",
                      "parentUUID": "bfb1508e-32c1-477a-b9af-169a6f0d289f",
                      "isHook": false,
                      "skipped": false
                    },
                    {
                      "title": "should be search mentors by industries at Akademik tab",
                      "fullTitle": "Landing Page Mentoring Search and View Mentors Search Mentors at Akademik tab should be search mentors by industries at Akademik tab",
                      "timedOut": null,
                      "duration": 3169,
                      "state": "passed",
                      "speed": "fast",
                      "pass": true,
                      "fail": false,
                      "pending": false,
                      "context": null,
                      "code": "cy.xpath(`//input[@id=\"searchMentor\"]`).click({\n  force: true\n}).type(`${akademik.industry}`);\ncy.wait(2000);\ncy.xpath(`//div[@class=\"mt-4 grid grid-cols-1 gap-y-4 lg:mt-6 lg:grid-cols-4 lg:gap-x-[22px] lg:gap-y-5\"]/a`).should('have.length.greaterThan', 0).then($el => {\n  const found = [...$el].some(el => el.innerText.trim().includes(`${akademik.industry}`));\n  if (found === true) {\n    expect(found).to.be.true;\n  } else {\n    expect(found).to.be.false;\n  }\n});",
                      "err": {},
                      "uuid": "debf1f7f-bc01-40ed-8598-3832a34498c0",
                      "parentUUID": "bfb1508e-32c1-477a-b9af-169a6f0d289f",
                      "isHook": false,
                      "skipped": false
                    },
                    {
                      "title": "should be search mentors by university at Akademik tab",
                      "fullTitle": "Landing Page Mentoring Search and View Mentors Search Mentors at Akademik tab should be search mentors by university at Akademik tab",
                      "timedOut": null,
                      "duration": 3307,
                      "state": "passed",
                      "speed": "fast",
                      "pass": true,
                      "fail": false,
                      "pending": false,
                      "context": null,
                      "code": "cy.xpath(`//input[@id=\"searchMentor\"]`).click({\n  force: true\n}).type(`${akademik.university}`);\ncy.wait(2000);\ncy.xpath(`//div[@class=\"mt-4 grid grid-cols-1 gap-y-4 lg:mt-6 lg:grid-cols-4 lg:gap-x-[22px] lg:gap-y-5\"]/a/div[2]/div[2]/div[2]/div`).should('have.length.greaterThan', 0).then($el => {\n  const found = [...$el].some(el => el.innerText.trim().includes(`${akademik.university}`));\n  if (found === true) {\n    expect(found).to.be.true;\n  } else {\n    expect(found).to.be.false;\n  }\n  cy.log(`university found: ${[...$el].map(el => el.innerText.trim()).join(', ')}`);\n});",
                      "err": {},
                      "uuid": "ea635a68-d98d-423f-ad06-bbdc31eddcdc",
                      "parentUUID": "bfb1508e-32c1-477a-b9af-169a6f0d289f",
                      "isHook": false,
                      "skipped": false
                    },
                    {
                      "title": "should be search mentors by major / jurusan at Akademik tab",
                      "fullTitle": "Landing Page Mentoring Search and View Mentors Search Mentors at Akademik tab should be search mentors by major / jurusan at Akademik tab",
                      "timedOut": null,
                      "duration": 3324,
                      "state": "passed",
                      "speed": "fast",
                      "pass": true,
                      "fail": false,
                      "pending": false,
                      "context": null,
                      "code": "cy.xpath(`//input[@id=\"searchMentor\"]`).click({\n  force: true\n}).type(`${akademik.jurusan}`);\ncy.wait(2000);\ncy.xpath(`//div[@class=\"mt-4 grid grid-cols-1 gap-y-4 lg:mt-6 lg:grid-cols-4 lg:gap-x-[22px] lg:gap-y-5\"]/a/div[2]/div[2]/div[1]/div`).should('have.length.greaterThan', 0).then($el => {\n  const found = [...$el].some(el => el.innerText.trim().includes(`${akademik.jurusan}`));\n  if (found === true) {\n    expect(found).to.be.true;\n  } else {\n    expect(found).to.be.false;\n  }\n  cy.log(`jurusan found: ${[...$el].map(el => el.innerText.trim()).join(', ')}`);\n});",
                      "err": {},
                      "uuid": "2a32414b-9678-4ebc-a68b-b1b5977b0e8a",
                      "parentUUID": "bfb1508e-32c1-477a-b9af-169a6f0d289f",
                      "isHook": false,
                      "skipped": false
                    },
                    {
                      "title": "should be search mentors by topic at Akademik tab",
                      "fullTitle": "Landing Page Mentoring Search and View Mentors Search Mentors at Akademik tab should be search mentors by topic at Akademik tab",
                      "timedOut": null,
                      "duration": 3662,
                      "state": "passed",
                      "speed": "fast",
                      "pass": true,
                      "fail": false,
                      "pending": false,
                      "context": null,
                      "code": "cy.xpath(`//input[@id=\"searchMentor\"]`).click({\n  force: true\n}).type(`${akademik.topics}`);\ncy.wait(2000);\ncy.xpath(`//div[@class=\"mt-4 grid grid-cols-1 gap-y-4 lg:mt-6 lg:grid-cols-4 lg:gap-x-[22px] lg:gap-y-5\"]/a//div[@class=\"rc-overflow\"]//p`).should('have.length.greaterThan', 0).then($el => {\n  const found = [...$el].some(el => el.innerText.trim().includes(`${akademik.topics}`));\n  if (found === true) {\n    expect(found).to.be.true;\n  } else {\n    expect(found).to.be.false;\n  }\n  cy.log(`topic found: ${[...$el].map(el => el.innerText.trim()).join(', ')}`);\n});",
                      "err": {},
                      "uuid": "495947e8-7194-42aa-8652-6fd2abcbfdad",
                      "parentUUID": "bfb1508e-32c1-477a-b9af-169a6f0d289f",
                      "isHook": false,
                      "skipped": false
                    }
                  ],
                  "suites": [],
                  "passes": [
                    "2cf17b65-996d-4e16-a53b-b4867971e50f",
                    "30421783-ac50-4d50-bf53-3b3d4bc142e7",
                    "0fd27b0a-0db7-4c1c-9b8a-1ad5c5ec558e",
                    "debf1f7f-bc01-40ed-8598-3832a34498c0",
                    "ea635a68-d98d-423f-ad06-bbdc31eddcdc",
                    "2a32414b-9678-4ebc-a68b-b1b5977b0e8a",
                    "495947e8-7194-42aa-8652-6fd2abcbfdad"
                  ],
                  "failures": [],
                  "pending": [],
                  "skipped": [],
                  "duration": 24157,
                  "root": false,
                  "rootEmpty": false,
                  "_timeout": 2000
                },
                {
                  "uuid": "c5e3fb94-a7d5-4266-b025-5c33528ffc2c",
                  "title": "View Mentor Details",
                  "fullFile": "",
                  "file": "",
                  "beforeHooks": [],
                  "afterHooks": [],
                  "tests": [
                    {
                      "title": "view detail mentor at Karier tab",
                      "fullTitle": "Landing Page Mentoring Search and View Mentors View Mentor Details view detail mentor at Karier tab",
                      "timedOut": null,
                      "duration": 3919,
                      "state": "passed",
                      "speed": "fast",
                      "pass": true,
                      "fail": false,
                      "pending": false,
                      "context": null,
                      "code": "cy.xpath(`//input[@id=\"searchMentor\"]`).click({\n  force: true\n}).type(`${karier.company}`);\ncy.wait(2000);\ncy.xpath(`//div[@class=\"mt-4 grid grid-cols-1 gap-y-4 lg:mt-6 lg:grid-cols-4 lg:gap-x-[22px] lg:gap-y-5\"]/a`).should('have.length.greaterThan', 0).then($el => {\n  const total = $el.length;\n  const randomNumber = Math.floor(Math.random() * total) + 1;\n  cy.xpath(`//div[@class=\"mt-4 grid grid-cols-1 gap-y-4 lg:mt-6 lg:grid-cols-4 lg:gap-x-[22px] lg:gap-y-5\"]/a[${randomNumber}]`).should('be.visible').click();\n  cy.xpath(`//a[contains(text(), \"${input[lang].review}\")]`).should('be.visible').click({\n    multiple: true\n  });\n});",
                      "err": {},
                      "uuid": "492c64bb-1ba7-4c41-8265-1b01fa97eee1",
                      "parentUUID": "c5e3fb94-a7d5-4266-b025-5c33528ffc2c",
                      "isHook": false,
                      "skipped": false
                    },
                    {
                      "title": "view detail mentor at Akademik tab",
                      "fullTitle": "Landing Page Mentoring Search and View Mentors View Mentor Details view detail mentor at Akademik tab",
                      "timedOut": null,
                      "duration": 3577,
                      "state": "passed",
                      "speed": "fast",
                      "pass": true,
                      "fail": false,
                      "pending": false,
                      "context": null,
                      "code": "cy.xpath(`//div[@class=\"flex border-b border-b-neutral-15\"]/a[2]`).click();\ncy.xpath(`//input[@id=\"searchMentor\"]`).click({\n  force: true\n}).type(`${akademik.topics}`);\ncy.wait(2000);\ncy.xpath(`//div[@class=\"mt-4 grid grid-cols-1 gap-y-4 lg:mt-6 lg:grid-cols-4 lg:gap-x-[22px] lg:gap-y-5\"]/a//h4`).should('have.length.greaterThan', 0).then($el => {\n  const total = $el.length;\n  const randomNumber = Math.floor(Math.random() * total) + 1;\n  cy.xpath(`//div[@class=\"mt-4 grid grid-cols-1 gap-y-4 lg:mt-6 lg:grid-cols-4 lg:gap-x-[22px] lg:gap-y-5\"]/a[${randomNumber}]`).should('be.visible').click();\n  cy.xpath(`//a[contains(text(), \"${input[lang].review}\")]`).should('be.visible').click({\n    multiple: true\n  });\n});",
                      "err": {},
                      "uuid": "f8f8c66f-e6df-4adb-b968-a7402cfa651b",
                      "parentUUID": "c5e3fb94-a7d5-4266-b025-5c33528ffc2c",
                      "isHook": false,
                      "skipped": false
                    }
                  ],
                  "suites": [],
                  "passes": [
                    "492c64bb-1ba7-4c41-8265-1b01fa97eee1",
                    "f8f8c66f-e6df-4adb-b968-a7402cfa651b"
                  ],
                  "failures": [],
                  "pending": [],
                  "skipped": [],
                  "duration": 7496,
                  "root": false,
                  "rootEmpty": false,
                  "_timeout": 2000
                }
              ],
              "passes": [],
              "failures": [],
              "pending": [],
              "skipped": [],
              "duration": 0,
              "root": false,
              "rootEmpty": false,
              "_timeout": 2000
            }
          ],
          "passes": [],
          "failures": [],
          "pending": [],
          "skipped": [],
          "duration": 0,
          "root": false,
          "rootEmpty": false,
          "_timeout": 2000
        }
      ],
      "passes": [],
      "failures": [],
      "pending": [],
      "skipped": [],
      "duration": 0,
      "root": true,
      "rootEmpty": true,
      "_timeout": 2000
    }
  ],
  "meta": {
    "mocha": {
      "version": "7.2.0"
    },
    "mochawesome": {
      "options": {
        "quiet": false,
        "reportFilename": "mochawesome",
        "saveHtml": true,
        "saveJson": true,
        "consoleReporter": "spec",
        "useInlineDiffs": false,
        "code": true
      },
      "version": "7.1.3"
    },
    "marge": {
      "options": {
        "reportDir": "cypress/reports/mochawesome-report",
        "overwrite": true,
        "html": true,
        "json": true,
        "timestamp": "mmddyyyy_HHMMss"
      },
      "version": "6.2.0"
    }
  }
}