{
  "stats": {
    "suites": 3,
    "tests": 37,
    "passes": 37,
    "pending": 0,
    "failures": 0,
    "testsRegistered": 37,
    "passPercent": 100,
    "pendingPercent": 0,
    "other": 0,
    "hasOther": false,
    "skipped": 0,
    "hasSkipped": false,
    "start": "2025-06-12T09:24:23.628Z",
    "end": "2025-06-12T09:27:01.500Z",
    "duration": 157872
  },
  "results": [
    {
      "uuid": "634db2f9-25e6-4d5b-89bc-601f6b71ee0f",
      "title": "",
      "fullFile": "cypress/e2e/1-register-login/register-job-seeker.cy.js",
      "file": "cypress/e2e/1-register-login/register-job-seeker.cy.js",
      "beforeHooks": [],
      "afterHooks": [],
      "tests": [],
      "suites": [
        {
          "uuid": "2f37a9c7-4fec-49da-be33-18c6af8dfaf3",
          "title": "Register to Dealls as Job Seeker",
          "fullFile": "",
          "file": "",
          "beforeHooks": [],
          "afterHooks": [],
          "tests": [
            {
              "title": "Onboarding step for new user job seeker",
              "fullTitle": "Register to Dealls as Job Seeker Onboarding step for new user job seeker",
              "timedOut": null,
              "duration": 19331,
              "state": "passed",
              "speed": "slow",
              "pass": true,
              "fail": false,
              "pending": false,
              "context": null,
              "code": "cy.xpath(`//a[normalize-space()='${input[lang].signup}']`).click();\ncy.url().should('include', '/sign-up');\n//click on Job Seeker button\ncy.xpath(`//div[@class=\"!px-4 mt-6 flex flex-row flex-wrap items-start justify-center gap-4 md:gap-[42px]\"]/div[1]//a`).click({\n  force: true\n});\n//1st step\ncy.url().should('include', '/onboarding');\ncy.get('#fullName').click().type(`${dataTalent.name}`);\ncy.get('button[type=\"submit\"]').click({\n  force: true\n});\n//2nd step\ncy.url().should('include', '/onboarding?step=2');\ncy.get('#jobSearchStatus').click();\ncy.xpath(`(//div[@class=\"rc-virtual-list-holder-inner\"])[1]/div`).should('have.length', 3).then(elements => {\n  const randomIndex = Math.floor(Math.random() * elements.length) + 1;\n  cy.xpath(`//div[@class=\"rc-virtual-list-holder-inner\"]/div[${randomIndex}]`).click();\n});\ncy.get('#whatsapp').click().type(`${dataTalent.phone}`);\ncy.get('#email').click().type(`${dataTalent.email}`);\ncy.get('#linkedInUrl').click().type(`${dataTalent.linkedIn}`);\ncy.get('#campus').click().type(`${dataTalent.lastEducation}`);\ncy.get(`button[type=\"button\"]`).then(elements => {\n  const index = [...elements].findIndex(el => el.innerText.trim().includes(dataTalent.lastEducation));\n  cy.log(`${index}`);\n  cy.xpath(`(//button[@type=\"button\"])[${index + 1}]`).click({\n    force: true\n  });\n  cy.xpath(`//span[@class=\"ant-select-selection-item\" and @title=\"${dataTalent.lastEducation}\"]`).should('be.visible').and('contain.text', dataTalent.lastEducation);\n});\ncy.get('#eligibility').click({\n  multiple: true\n});\ncy.xpath(`(//div[@class=\"rc-virtual-list-holder-inner\"])[2]/div`).should('have.length.greaterThan', 4).then(elements => {\n  const randomIndex = Math.floor(Math.random() * elements.length) + 1;\n  cy.xpath(`(//div[@class=\"rc-virtual-list-holder-inner\"])[2]/div[${randomIndex}]`).click({\n    force: true\n  });\n});\ncy.xpath(`//button[@type=\"submit\"]`).should('not.be.disabled').and('have.text', input[lang].nextbtn).click({\n  force: true\n});\ncy.wait(1000);\n//3rd step\ncy.url().should('include', '/onboarding?step=3');\ncy.xpath(\"//button[p[contains(text(),'Skip for now, my CV is not ready')] and p[contains(text(),'Fill in your experience directly')]]\").click({\n  multiple: true\n});\ncy.xpath(`//button[@type=\"submit\"]`).should('not.be.disabled').and('have.text', input[lang].nextbtn).click({\n  force: true\n});\ncy.wait(1000);\n//4th step\ncy.url().should('include', '/onboarding?step=4');\n// tab kerja\ncy.xpath(`//button[span[contains(text(),\"${input[lang].work}\")]]`).click({\n  force: true\n});\ncy.get(`#companyName`).click().type(`${dataTalent.work_exp.company}`);\ncy.get(`button[type=\"button\"]`).then(elements => {\n  const index = [...elements].findIndex(el => el.innerText.trim().includes(dataTalent.work_exp.company));\n  cy.log(`${index}`);\n  cy.xpath(`(//button[@type=\"button\"])[${index + 1}]`).click({\n    force: true\n  });\n  cy.xpath(`//span[@class=\"ant-select-selection-item\" and @title=\"${dataTalent.work_exp.company}\"]`);\n});\ncy.get(`#roleLevel`).click().type(`${dataTalent.work_exp.level}`);\ncy.get(`button[type=\"button\"]`).then(elements => {\n  const index = [...elements].findIndex(el => el.innerText.trim().includes(dataTalent.work_exp.level));\n  cy.log(`${index}`);\n  cy.xpath(`(//button[@type=\"button\"])[${index + 1}]`).click({\n    force: true\n  });\n  cy.xpath(`//span[@class=\"ant-select-selection-item\" and @title=\"${dataTalent.work_exp.level}\"]`);\n});\ncy.get(`#roleName`).click().type(`${dataTalent.work_exp.role}`);\ncy.get(`button[type=\"button\"]`).then(elements => {\n  const index = [...elements].findIndex(el => el.innerText.trim().includes(dataTalent.work_exp.role));\n  cy.log(`${index}`);\n  cy.xpath(`(//button[@type=\"button\"])[${index + 1}]`).click({\n    force: true\n  });\n  cy.xpath(`//span[@class=\"ant-select-selection-item\" and @title=\"${dataTalent.work_exp.role}\"]`);\n});\ncy.get(`#startDate`).click().type(`${dataTalent.work_exp.dateStart}`);\ncy.get(`#endDate`).click().type(`${dataTalent.work_exp.dateEnd}`);\ncy.xpath(`//button[@type=\"submit\"]`).should('not.be.disabled').and('have.text', input[lang].nextbtn).click({\n  force: true\n});\ncy.wait(1000);\n//5th step\ncy.url().should('include', '/onboarding?step=5');\ncy.xpath(`//button[@type=\"submit\"]`).should('not.be.disabled').and('have.text', input[lang].nextbtn).click({\n  force: true\n});\ncy.wait(1000);\n//6th step\ncy.url().should('include', '/onboarding?step=6');\ncy.get(`#password`).click().type('password');\ncy.get(`#passwordConfirmation`).type('password');\ncy.get(`#checkPrivacyPolicy`).check();\ncy.then(() => {\n  const user = {\n    username: dataTalent.email,\n    password: 'password'\n  };\n  cy.writeFile('cypress/fixtures/job_seeker_user.json', user);\n});\ncy.get(`#dealls-onboarding-finish`).should('not.be.disabled').and('have.text', input[lang].finishbtn).click({\n  force: true\n});\n//welcome user\ncy.url().should('include', '/?welcome=true');\ncy.xpath(`//button[@type=\"button\" and @aria-label=\"Close\"]`).click({\n  force: true\n});",
              "err": {},
              "uuid": "a53eaeb6-7a7b-4c66-98d9-2f9641dfcc86",
              "parentUUID": "2f37a9c7-4fec-49da-be33-18c6af8dfaf3",
              "isHook": false,
              "skipped": false
            },
            {
              "title": "Login with Job Seeker account",
              "fullTitle": "Register to Dealls as Job Seeker Login with Job Seeker account",
              "timedOut": null,
              "duration": 2399,
              "state": "passed",
              "speed": "fast",
              "pass": true,
              "fail": false,
              "pending": false,
              "context": null,
              "code": "cy.xpath(`//a[normalize-space()='${input[lang].login}']`).click();\ncy.url().should('include', '/sign-in');\ncy.get(`#basic_email`).click().type(`${userJob.username}`);\ncy.get(`#basic_password`).click().type(`${userJob.password}`);\ncy.xpath(`//button[@type=\"submit\"]`).click({\n  force: true\n});",
              "err": {},
              "uuid": "ac1af287-d690-42be-8286-a60160f72f5c",
              "parentUUID": "2f37a9c7-4fec-49da-be33-18c6af8dfaf3",
              "isHook": false,
              "skipped": false
            }
          ],
          "suites": [],
          "passes": [
            "a53eaeb6-7a7b-4c66-98d9-2f9641dfcc86",
            "ac1af287-d690-42be-8286-a60160f72f5c"
          ],
          "failures": [],
          "pending": [],
          "skipped": [],
          "duration": 21730,
          "root": false,
          "rootEmpty": false,
          "_timeout": 2000
        }
      ],
      "passes": [],
      "failures": [],
      "pending": [],
      "skipped": [],
      "duration": 0,
      "root": true,
      "rootEmpty": true,
      "_timeout": 2000
    },
    {
      "uuid": "466bf63b-86e5-454d-84d7-95c5520de7e0",
      "title": "",
      "fullFile": "cypress/e2e/1-register-login/register-mentor.cy.js",
      "file": "cypress/e2e/1-register-login/register-mentor.cy.js",
      "beforeHooks": [],
      "afterHooks": [],
      "tests": [],
      "suites": [
        {
          "uuid": "062c5b7f-9e40-40ac-a605-a269a5de74e4",
          "title": "Register to Dealls as a Mentor",
          "fullFile": "",
          "file": "",
          "beforeHooks": [],
          "afterHooks": [],
          "tests": [
            {
              "title": "Onboarding step for new mentor",
              "fullTitle": "Register to Dealls as a Mentor Onboarding step for new mentor",
              "timedOut": null,
              "duration": 4668,
              "state": "passed",
              "speed": "fast",
              "pass": true,
              "fail": false,
              "pending": false,
              "context": null,
              "code": "cy.xpath(`//a[normalize-space()='${input[lang].signup}']`).click();\ncy.url().should('include', '/sign-up');\n//click on Job Seeker button\ncy.xpath(`//div[@class=\"!px-4 mt-6 flex flex-row flex-wrap items-start justify-center gap-4 md:gap-[42px]\"]/div[2]//a`).click({\n  force: true\n});\n//1st step\ncy.url().should('include', '/onboarding?step=1');\ncy.get(`#mentor-onboarding_fullName`).click().type(`${dataTalent.name}`);\ncy.get('#mentor-onboarding_email').click().type(`${dataTalent.email}`);\ncy.get('#mentor-onboarding_whatsapp').click().type(`${dataTalent.phone}`);\ncy.get('#mentor-onboarding_linkedInUrl').click().type(`${dataTalent.linkedIn}`);\ncy.get('#mentor-onboarding_instagramUrl').click().type(`${dataTalent.instagram}`);\ncy.get('button[type=\"submit\"]').click({\n  force: true\n});",
              "err": {},
              "uuid": "dd602ce6-16df-4672-ad87-980673714a0e",
              "parentUUID": "062c5b7f-9e40-40ac-a605-a269a5de74e4",
              "isHook": false,
              "skipped": false
            }
          ],
          "suites": [],
          "passes": [
            "dd602ce6-16df-4672-ad87-980673714a0e"
          ],
          "failures": [],
          "pending": [],
          "skipped": [],
          "duration": 4668,
          "root": false,
          "rootEmpty": false,
          "_timeout": 2000
        }
      ],
      "passes": [],
      "failures": [],
      "pending": [],
      "skipped": [],
      "duration": 0,
      "root": true,
      "rootEmpty": true,
      "_timeout": 2000
    },
    {
      "uuid": "5dee3f71-3d05-45c8-ae00-654b0efbf4fb",
      "title": "",
      "fullFile": "cypress/e2e/3-mentoring/landing-page-mentoring.cy.js",
      "file": "cypress/e2e/3-mentoring/landing-page-mentoring.cy.js",
      "beforeHooks": [],
      "afterHooks": [],
      "tests": [],
      "suites": [
        {
          "uuid": "2f5eb3e7-5d79-48ce-85dd-1f4e28db120b",
          "title": "Landing Page Mentoring",
          "fullFile": "",
          "file": "",
          "beforeHooks": [],
          "afterHooks": [],
          "tests": [],
          "suites": [
            {
              "uuid": "09762f5b-e06f-4e1e-a70d-9c23b24b76c9",
              "title": "List Mentoring",
              "fullFile": "",
              "file": "",
              "beforeHooks": [],
              "afterHooks": [],
              "tests": [],
              "suites": [
                {
                  "uuid": "b6edd889-38ce-4376-b1db-a94139c1fbb7",
                  "title": "List Mentoring Karier",
                  "fullFile": "",
                  "file": "",
                  "beforeHooks": [],
                  "afterHooks": [],
                  "tests": [
                    {
                      "title": "should display the mentoring landing page at Karier Tab",
                      "fullTitle": "Landing Page Mentoring List Mentoring List Mentoring Karier should display the mentoring landing page at Karier Tab",
                      "timedOut": null,
                      "duration": 1515,
                      "state": "passed",
                      "speed": "fast",
                      "pass": true,
                      "fail": false,
                      "pending": false,
                      "context": null,
                      "code": "cy.url().should('include', '/mentoring');",
                      "err": {},
                      "uuid": "0e878524-dc86-4aea-bb2a-cb3248e12940",
                      "parentUUID": "b6edd889-38ce-4376-b1db-a94139c1fbb7",
                      "isHook": false,
                      "skipped": false
                    },
                    {
                      "title": "should show the list of accounting mentors at Karier tab",
                      "fullTitle": "Landing Page Mentoring List Mentoring List Mentoring Karier should show the list of accounting mentors at Karier tab",
                      "timedOut": null,
                      "duration": 1389,
                      "state": "passed",
                      "speed": "fast",
                      "pass": true,
                      "fail": false,
                      "pending": false,
                      "context": null,
                      "code": "cy.xpath(`//div[@class=\"swiper-wrapper\"]/div[2]`).click({\n  multiple: true\n});",
                      "err": {},
                      "uuid": "7c528a3d-8819-4ac3-82fa-92ee5b6b0be7",
                      "parentUUID": "b6edd889-38ce-4376-b1db-a94139c1fbb7",
                      "isHook": false,
                      "skipped": false
                    },
                    {
                      "title": "should show the list of art & design mentors at Karier tab",
                      "fullTitle": "Landing Page Mentoring List Mentoring List Mentoring Karier should show the list of art & design mentors at Karier tab",
                      "timedOut": null,
                      "duration": 1150,
                      "state": "passed",
                      "speed": "fast",
                      "pass": true,
                      "fail": false,
                      "pending": false,
                      "context": null,
                      "code": "cy.xpath(`//div[@class=\"swiper-wrapper\"]/div[3]`).click({\n  multiple: true\n});",
                      "err": {},
                      "uuid": "08a205ae-0d78-46bf-bbc4-d44cfdfa8719",
                      "parentUUID": "b6edd889-38ce-4376-b1db-a94139c1fbb7",
                      "isHook": false,
                      "skipped": false
                    },
                    {
                      "title": "should show the list of business mentors at Karier tab",
                      "fullTitle": "Landing Page Mentoring List Mentoring List Mentoring Karier should show the list of business mentors at Karier tab",
                      "timedOut": null,
                      "duration": 1416,
                      "state": "passed",
                      "speed": "fast",
                      "pass": true,
                      "fail": false,
                      "pending": false,
                      "context": null,
                      "code": "cy.xpath(`//div[@class=\"swiper-wrapper\"]/div[4]`).click({\n  multiple: true\n});",
                      "err": {},
                      "uuid": "0bef14b7-e802-4097-be49-2f12ac138cfc",
                      "parentUUID": "b6edd889-38ce-4376-b1db-a94139c1fbb7",
                      "isHook": false,
                      "skipped": false
                    },
                    {
                      "title": "should show the list of data mentors at Karier tab",
                      "fullTitle": "Landing Page Mentoring List Mentoring List Mentoring Karier should show the list of data mentors at Karier tab",
                      "timedOut": null,
                      "duration": 1077,
                      "state": "passed",
                      "speed": "fast",
                      "pass": true,
                      "fail": false,
                      "pending": false,
                      "context": null,
                      "code": "cy.xpath(`//div[@class=\"swiper-wrapper\"]/div[5]`).click({\n  multiple: true\n});",
                      "err": {},
                      "uuid": "2e241379-9849-49a8-9c10-263508207d6a",
                      "parentUUID": "b6edd889-38ce-4376-b1db-a94139c1fbb7",
                      "isHook": false,
                      "skipped": false
                    },
                    {
                      "title": "should show the list of finance mentors at Karier tab",
                      "fullTitle": "Landing Page Mentoring List Mentoring List Mentoring Karier should show the list of finance mentors at Karier tab",
                      "timedOut": null,
                      "duration": 1318,
                      "state": "passed",
                      "speed": "fast",
                      "pass": true,
                      "fail": false,
                      "pending": false,
                      "context": null,
                      "code": "cy.xpath(`//div[@class=\"swiper-wrapper\"]/div[6]`).click({\n  multiple: true\n});",
                      "err": {},
                      "uuid": "c7fc93df-a5c5-46e3-a883-902317748ec2",
                      "parentUUID": "b6edd889-38ce-4376-b1db-a94139c1fbb7",
                      "isHook": false,
                      "skipped": false
                    },
                    {
                      "title": "should show the list of HR mentors at Karier tab",
                      "fullTitle": "Landing Page Mentoring List Mentoring List Mentoring Karier should show the list of HR mentors at Karier tab",
                      "timedOut": null,
                      "duration": 1127,
                      "state": "passed",
                      "speed": "fast",
                      "pass": true,
                      "fail": false,
                      "pending": false,
                      "context": null,
                      "code": "cy.xpath(`//div[@class=\"swiper-wrapper\"]/div[7]`).click({\n  multiple: true\n});",
                      "err": {},
                      "uuid": "972bf773-d989-4b39-b91f-95886b5c812f",
                      "parentUUID": "b6edd889-38ce-4376-b1db-a94139c1fbb7",
                      "isHook": false,
                      "skipped": false
                    },
                    {
                      "title": "should show the list of IT & Eng mentors at Karier tab",
                      "fullTitle": "Landing Page Mentoring List Mentoring List Mentoring Karier should show the list of IT & Eng mentors at Karier tab",
                      "timedOut": null,
                      "duration": 1405,
                      "state": "passed",
                      "speed": "fast",
                      "pass": true,
                      "fail": false,
                      "pending": false,
                      "context": null,
                      "code": "cy.xpath(`//div[@class=\"swiper-wrapper\"]/div[8]`).click({\n  multiple: true\n});",
                      "err": {},
                      "uuid": "b9025c71-7f95-40a0-8b85-65a8de531d09",
                      "parentUUID": "b6edd889-38ce-4376-b1db-a94139c1fbb7",
                      "isHook": false,
                      "skipped": false
                    },
                    {
                      "title": "should show the list of Law & Consulting mentors at Karier tab",
                      "fullTitle": "Landing Page Mentoring List Mentoring List Mentoring Karier should show the list of Law & Consulting mentors at Karier tab",
                      "timedOut": null,
                      "duration": 1193,
                      "state": "passed",
                      "speed": "fast",
                      "pass": true,
                      "fail": false,
                      "pending": false,
                      "context": null,
                      "code": "cy.xpath(`//div[@class=\"swiper-wrapper\"]/div[9]`).click({\n  multiple: true\n});",
                      "err": {},
                      "uuid": "fd19d198-a912-44fb-a941-a81c5e9bfb8b",
                      "parentUUID": "b6edd889-38ce-4376-b1db-a94139c1fbb7",
                      "isHook": false,
                      "skipped": false
                    },
                    {
                      "title": "should show the list of Product mentors at Karier tab",
                      "fullTitle": "Landing Page Mentoring List Mentoring List Mentoring Karier should show the list of Product mentors at Karier tab",
                      "timedOut": null,
                      "duration": 1470,
                      "state": "passed",
                      "speed": "fast",
                      "pass": true,
                      "fail": false,
                      "pending": false,
                      "context": null,
                      "code": "cy.xpath(`//div[@class=\"swiper-wrapper\"]/div[10]`).click({\n  multiple: true\n});",
                      "err": {},
                      "uuid": "0438739b-5a5d-4714-b14d-23a05c24fdea",
                      "parentUUID": "b6edd889-38ce-4376-b1db-a94139c1fbb7",
                      "isHook": false,
                      "skipped": false
                    },
                    {
                      "title": "should show the list of Sales & Ops mentors at Karier tab",
                      "fullTitle": "Landing Page Mentoring List Mentoring List Mentoring Karier should show the list of Sales & Ops mentors at Karier tab",
                      "timedOut": null,
                      "duration": 1122,
                      "state": "passed",
                      "speed": "fast",
                      "pass": true,
                      "fail": false,
                      "pending": false,
                      "context": null,
                      "code": "cy.xpath(`//div[@class=\"swiper-wrapper\"]/div[11]`).click({\n  multiple: true\n});",
                      "err": {},
                      "uuid": "77198803-1bbb-4cd6-a8fc-75bdda98ac29",
                      "parentUUID": "b6edd889-38ce-4376-b1db-a94139c1fbb7",
                      "isHook": false,
                      "skipped": false
                    }
                  ],
                  "suites": [],
                  "passes": [
                    "0e878524-dc86-4aea-bb2a-cb3248e12940",
                    "7c528a3d-8819-4ac3-82fa-92ee5b6b0be7",
                    "08a205ae-0d78-46bf-bbc4-d44cfdfa8719",
                    "0bef14b7-e802-4097-be49-2f12ac138cfc",
                    "2e241379-9849-49a8-9c10-263508207d6a",
                    "c7fc93df-a5c5-46e3-a883-902317748ec2",
                    "972bf773-d989-4b39-b91f-95886b5c812f",
                    "b9025c71-7f95-40a0-8b85-65a8de531d09",
                    "fd19d198-a912-44fb-a941-a81c5e9bfb8b",
                    "0438739b-5a5d-4714-b14d-23a05c24fdea",
                    "77198803-1bbb-4cd6-a8fc-75bdda98ac29"
                  ],
                  "failures": [],
                  "pending": [],
                  "skipped": [],
                  "duration": 14182,
                  "root": false,
                  "rootEmpty": false,
                  "_timeout": 2000
                },
                {
                  "uuid": "af868d79-e307-4438-a006-502126872f45",
                  "title": "List Mentoring Akademik",
                  "fullFile": "",
                  "file": "",
                  "beforeHooks": [],
                  "afterHooks": [],
                  "tests": [
                    {
                      "title": "should display the mentoring landing page at Akademik Tab",
                      "fullTitle": "Landing Page Mentoring List Mentoring List Mentoring Akademik should display the mentoring landing page at Akademik Tab",
                      "timedOut": null,
                      "duration": 1281,
                      "state": "passed",
                      "speed": "fast",
                      "pass": true,
                      "fail": false,
                      "pending": false,
                      "context": null,
                      "code": "cy.url().should('include', '/mentoring?mTab=academics');",
                      "err": {},
                      "uuid": "354645e5-acd9-48ef-987d-842ce30dc16a",
                      "parentUUID": "af868d79-e307-4438-a006-502126872f45",
                      "isHook": false,
                      "skipped": false
                    },
                    {
                      "title": "should show the list of Beasiswa S1 mentors at Karier tab",
                      "fullTitle": "Landing Page Mentoring List Mentoring List Mentoring Akademik should show the list of Beasiswa S1 mentors at Karier tab",
                      "timedOut": null,
                      "duration": 1540,
                      "state": "passed",
                      "speed": "fast",
                      "pass": true,
                      "fail": false,
                      "pending": false,
                      "context": null,
                      "code": "cy.xpath(`//div[@class=\"swiper-wrapper\"]//a[contains(text(),\"Beasiswa S1\")]`).click({\n  multiple: true\n});",
                      "err": {},
                      "uuid": "a2b15a41-014c-4f61-b118-4064f2186db3",
                      "parentUUID": "af868d79-e307-4438-a006-502126872f45",
                      "isHook": false,
                      "skipped": false
                    },
                    {
                      "title": "should show the list of Beasiswa S2 mentors at Karier tab",
                      "fullTitle": "Landing Page Mentoring List Mentoring List Mentoring Akademik should show the list of Beasiswa S2 mentors at Karier tab",
                      "timedOut": null,
                      "duration": 1183,
                      "state": "passed",
                      "speed": "fast",
                      "pass": true,
                      "fail": false,
                      "pending": false,
                      "context": null,
                      "code": "cy.xpath(`//div[@class=\"swiper-wrapper\"]//a[contains(text(),\"Beasiswa S2\")]`).click({\n  multiple: true\n});",
                      "err": {},
                      "uuid": "af28b569-58d4-4f80-997f-197b6cf883c7",
                      "parentUUID": "af868d79-e307-4438-a006-502126872f45",
                      "isHook": false,
                      "skipped": false
                    },
                    {
                      "title": "should show the list of IISMA/ Exchange mentors at Karier tab",
                      "fullTitle": "Landing Page Mentoring List Mentoring List Mentoring Akademik should show the list of IISMA/ Exchange mentors at Karier tab",
                      "timedOut": null,
                      "duration": 1287,
                      "state": "passed",
                      "speed": "fast",
                      "pass": true,
                      "fail": false,
                      "pending": false,
                      "context": null,
                      "code": "cy.xpath(`//div[@class=\"swiper-wrapper\"]//a[contains(text(),\"SMA\")]`).click({\n  multiple: true\n});",
                      "err": {},
                      "uuid": "2e35b399-7f81-412a-93ca-eec6b58f9544",
                      "parentUUID": "af868d79-e307-4438-a006-502126872f45",
                      "isHook": false,
                      "skipped": false
                    },
                    {
                      "title": "should show the list of Internship mentors at Karier tab",
                      "fullTitle": "Landing Page Mentoring List Mentoring List Mentoring Akademik should show the list of Internship mentors at Karier tab",
                      "timedOut": null,
                      "duration": 1184,
                      "state": "passed",
                      "speed": "fast",
                      "pass": true,
                      "fail": false,
                      "pending": false,
                      "context": null,
                      "code": "cy.xpath(`//div[@class=\"swiper-wrapper\"]//a[contains(text(),\"Internship\")]`).click({\n  multiple: true\n});",
                      "err": {},
                      "uuid": "011567e7-bf15-4701-a350-33cb24cbe9f6",
                      "parentUUID": "af868d79-e307-4438-a006-502126872f45",
                      "isHook": false,
                      "skipped": false
                    },
                    {
                      "title": "should show the list of Leadership Program mentors at Karier tab",
                      "fullTitle": "Landing Page Mentoring List Mentoring List Mentoring Akademik should show the list of Leadership Program mentors at Karier tab",
                      "timedOut": null,
                      "duration": 1381,
                      "state": "passed",
                      "speed": "fast",
                      "pass": true,
                      "fail": false,
                      "pending": false,
                      "context": null,
                      "code": "cy.xpath(`//div[@class=\"swiper-wrapper\"]//a[contains(text(),\"Leadership\")]`).click({\n  multiple: true\n});",
                      "err": {},
                      "uuid": "af7afbf6-645a-4f01-bbd9-b7a6e90de3de",
                      "parentUUID": "af868d79-e307-4438-a006-502126872f45",
                      "isHook": false,
                      "skipped": false
                    },
                    {
                      "title": "should show the list of Study Abroad mentor at Karier tab",
                      "fullTitle": "Landing Page Mentoring List Mentoring List Mentoring Akademik should show the list of Study Abroad mentor at Karier tab",
                      "timedOut": null,
                      "duration": 1229,
                      "state": "passed",
                      "speed": "fast",
                      "pass": true,
                      "fail": false,
                      "pending": false,
                      "context": null,
                      "code": "cy.xpath(`//div[@class=\"swiper-wrapper\"]//a[contains(text(),\"Study Abroad\")]`).click({\n  multiple: true\n});",
                      "err": {},
                      "uuid": "dc3309d0-7870-4b09-97f0-e2954dbf6b6b",
                      "parentUUID": "af868d79-e307-4438-a006-502126872f45",
                      "isHook": false,
                      "skipped": false
                    }
                  ],
                  "suites": [],
                  "passes": [
                    "354645e5-acd9-48ef-987d-842ce30dc16a",
                    "a2b15a41-014c-4f61-b118-4064f2186db3",
                    "af28b569-58d4-4f80-997f-197b6cf883c7",
                    "2e35b399-7f81-412a-93ca-eec6b58f9544",
                    "011567e7-bf15-4701-a350-33cb24cbe9f6",
                    "af7afbf6-645a-4f01-bbd9-b7a6e90de3de",
                    "dc3309d0-7870-4b09-97f0-e2954dbf6b6b"
                  ],
                  "failures": [],
                  "pending": [],
                  "skipped": [],
                  "duration": 9085,
                  "root": false,
                  "rootEmpty": false,
                  "_timeout": 2000
                }
              ],
              "passes": [],
              "failures": [],
              "pending": [],
              "skipped": [],
              "duration": 0,
              "root": false,
              "rootEmpty": false,
              "_timeout": 2000
            },
            {
              "uuid": "ceb5d6b8-38f2-4915-9b1d-fec47d15c289",
              "title": "Search and View Mentors",
              "fullFile": "",
              "file": "",
              "beforeHooks": [],
              "afterHooks": [],
              "tests": [],
              "suites": [
                {
                  "uuid": "fb841626-ac3c-4dde-8a84-9c73a1f48a49",
                  "title": "Search Mentors at Karier tab",
                  "fullFile": "",
                  "file": "",
                  "beforeHooks": [],
                  "afterHooks": [],
                  "tests": [
                    {
                      "title": "should be search mentors by name at Karier tab",
                      "fullTitle": "Landing Page Mentoring Search and View Mentors Search Mentors at Karier tab should be search mentors by name at Karier tab",
                      "timedOut": null,
                      "duration": 3171,
                      "state": "passed",
                      "speed": "fast",
                      "pass": true,
                      "fail": false,
                      "pending": false,
                      "context": null,
                      "code": "cy.xpath(`//input[@id=\"searchMentor\"]`).click({\n  force: true\n}).type(`${karier.name}`);\ncy.wait(2000);\ncy.xpath(`//div[@class=\"mt-4 grid grid-cols-1 gap-y-4 lg:mt-6 lg:grid-cols-4 lg:gap-x-[22px] lg:gap-y-5\"]/a//h4`).should('have.length.greaterThan', 0).then($el => {\n  const found = [...$el].some(el => el.innerText.trim().includes(`${karier.name}`));\n  cy.log(`mentor karier found: ${[...$el].map(el => el.innerText.trim()).join(', ')}`);\n  if (found === true) {\n    expect(found).to.be.true;\n  } else {\n    expect(found).to.be.false;\n  }\n});",
                      "err": {},
                      "uuid": "4d37f439-426d-4d84-a03a-735119d03d38",
                      "parentUUID": "fb841626-ac3c-4dde-8a84-9c73a1f48a49",
                      "isHook": false,
                      "skipped": false
                    },
                    {
                      "title": "should be search mentors by company at Karier tab",
                      "fullTitle": "Landing Page Mentoring Search and View Mentors Search Mentors at Karier tab should be search mentors by company at Karier tab",
                      "timedOut": null,
                      "duration": 3432,
                      "state": "passed",
                      "speed": "fast",
                      "pass": true,
                      "fail": false,
                      "pending": false,
                      "context": null,
                      "code": "cy.xpath(`//input[@id=\"searchMentor\"]`).click({\n  force: true\n}).type(`${karier.company}`);\ncy.wait(2000);\ncy.xpath(`//div[@class=\"mt-4 grid grid-cols-1 gap-y-4 lg:mt-6 lg:grid-cols-4 lg:gap-x-[22px] lg:gap-y-5\"]/a/div[2]/div[2]/div[2]/div`).should('have.length.greaterThan', 0).then($el => {\n  const found = [...$el].some(el => el.innerText.trim().includes(`${karier.company}`));\n  cy.log(`company found: ${[...$el].map(el => el.innerText.trim()).join(', ')}`);\n  if (found === true) {\n    expect(found).to.be.true;\n  } else {\n    expect(found).to.be.false;\n  }\n});",
                      "err": {},
                      "uuid": "c3ac6b52-4901-4849-b9d8-5b19bb47666b",
                      "parentUUID": "fb841626-ac3c-4dde-8a84-9c73a1f48a49",
                      "isHook": false,
                      "skipped": false
                    },
                    {
                      "title": "should be search mentors by role at Karier tab",
                      "fullTitle": "Landing Page Mentoring Search and View Mentors Search Mentors at Karier tab should be search mentors by role at Karier tab",
                      "timedOut": null,
                      "duration": 3351,
                      "state": "passed",
                      "speed": "fast",
                      "pass": true,
                      "fail": false,
                      "pending": false,
                      "context": null,
                      "code": "cy.xpath(`//input[@id=\"searchMentor\"]`).click({\n  force: true\n}).type(`${karier.role}`);\ncy.wait(2000);\ncy.xpath(`//div[@class=\"mt-4 grid grid-cols-1 gap-y-4 lg:mt-6 lg:grid-cols-4 lg:gap-x-[22px] lg:gap-y-5\"]/a/div[2]/div[2]/div[1]/div`).should('have.length.greaterThan', 0).then($el => {\n  const found = [...$el].some(el => el.innerText.trim().includes(`${karier.role}`));\n  cy.log(`role found: ${[...$el].map(el => el.innerText.trim()).join(', ')}`);\n  if (found === true) {\n    expect(found).to.be.true;\n  } else {\n    expect(found).to.be.false;\n  }\n});",
                      "err": {},
                      "uuid": "67872c9a-64eb-4d10-ae95-9b7b3d016836",
                      "parentUUID": "fb841626-ac3c-4dde-8a84-9c73a1f48a49",
                      "isHook": false,
                      "skipped": false
                    },
                    {
                      "title": "should be search mentors by industries at Karier tab",
                      "fullTitle": "Landing Page Mentoring Search and View Mentors Search Mentors at Karier tab should be search mentors by industries at Karier tab",
                      "timedOut": null,
                      "duration": 3169,
                      "state": "passed",
                      "speed": "fast",
                      "pass": true,
                      "fail": false,
                      "pending": false,
                      "context": null,
                      "code": "cy.xpath(`//input[@id=\"searchMentor\"]`).click({\n  force: true\n}).type(`${karier.industry}`);\ncy.wait(2000);\ncy.xpath(`//div[@class=\"mt-4 grid grid-cols-1 gap-y-4 lg:mt-6 lg:grid-cols-4 lg:gap-x-[22px] lg:gap-y-5\"]/a`).should('have.length.greaterThan', 0).then($el => {\n  const found = [...$el].some(el => el.innerText.trim().includes(`${karier.company}`));\n  if (found === true) {\n    expect(found).to.be.true;\n  } else {\n    expect(found).to.be.false;\n  }\n});",
                      "err": {},
                      "uuid": "a6c7c5ed-e64b-43b0-a799-ca4769e8c97d",
                      "parentUUID": "fb841626-ac3c-4dde-8a84-9c73a1f48a49",
                      "isHook": false,
                      "skipped": false
                    },
                    {
                      "title": "should be search mentors by university at Karier tab",
                      "fullTitle": "Landing Page Mentoring Search and View Mentors Search Mentors at Karier tab should be search mentors by university at Karier tab",
                      "timedOut": null,
                      "duration": 3334,
                      "state": "passed",
                      "speed": "fast",
                      "pass": true,
                      "fail": false,
                      "pending": false,
                      "context": null,
                      "code": "cy.xpath(`//input[@id=\"searchMentor\"]`).click({\n  force: true\n}).type(`${karier.university}`);\ncy.wait(2000);\ncy.xpath(`//div[@class=\"mt-4 grid grid-cols-1 gap-y-4 lg:mt-6 lg:grid-cols-4 lg:gap-x-[22px] lg:gap-y-5\"]/a`).should('have.length.greaterThan', 0).then($el => {\n  const found = [...$el].some(el => el.innerText.trim().includes(`${karier.university}`));\n  if (found === true) {\n    expect(found).to.be.true;\n  } else {\n    expect(found).to.be.false;\n  }\n});",
                      "err": {},
                      "uuid": "7bdade7e-ebb8-44de-9ec8-987a8175265b",
                      "parentUUID": "fb841626-ac3c-4dde-8a84-9c73a1f48a49",
                      "isHook": false,
                      "skipped": false
                    },
                    {
                      "title": "should be search mentors by major / jurusan at Karier tab",
                      "fullTitle": "Landing Page Mentoring Search and View Mentors Search Mentors at Karier tab should be search mentors by major / jurusan at Karier tab",
                      "timedOut": null,
                      "duration": 3486,
                      "state": "passed",
                      "speed": "fast",
                      "pass": true,
                      "fail": false,
                      "pending": false,
                      "context": null,
                      "code": "cy.xpath(`//input[@id=\"searchMentor\"]`).click({\n  force: true\n}).type(`${karier.jurusan}`);\ncy.wait(2000);\ncy.xpath(`//div[@class=\"mt-4 grid grid-cols-1 gap-y-4 lg:mt-6 lg:grid-cols-4 lg:gap-x-[22px] lg:gap-y-5\"]/a`).should('have.length.greaterThan', 0).then($el => {\n  const found = [...$el].some(el => el.innerText.trim().includes(`${karier.jurusan}`));\n  if (found === true) {\n    expect(found).to.be.true;\n  } else {\n    expect(found).to.be.false;\n  }\n});",
                      "err": {},
                      "uuid": "f92c8c3b-75cc-491a-a6fc-911e5fc3d192",
                      "parentUUID": "fb841626-ac3c-4dde-8a84-9c73a1f48a49",
                      "isHook": false,
                      "skipped": false
                    },
                    {
                      "title": "should be search mentors by topic at Karier tab",
                      "fullTitle": "Landing Page Mentoring Search and View Mentors Search Mentors at Karier tab should be search mentors by topic at Karier tab",
                      "timedOut": null,
                      "duration": 3293,
                      "state": "passed",
                      "speed": "fast",
                      "pass": true,
                      "fail": false,
                      "pending": false,
                      "context": null,
                      "code": "cy.xpath(`//input[@id=\"searchMentor\"]`).click({\n  force: true\n}).type(`${karier.topics}`);\ncy.wait(2000);\ncy.xpath(`//div[@class=\"mt-4 grid grid-cols-1 gap-y-4 lg:mt-6 lg:grid-cols-4 lg:gap-x-[22px] lg:gap-y-5\"]/a//div[@class=\"rc-overflow\"]//p`).should('have.length.greaterThan', 0).then($el => {\n  const found = [...$el].some(el => el.innerText.trim().includes(`${karier.topics}`));\n  cy.log(`topic found: ${[...$el].map(el => el.innerText.trim()).join(', ')}`);\n  if (found === true) {\n    expect(found).to.be.true;\n  } else {\n    expect(found).to.be.false;\n  }\n});",
                      "err": {},
                      "uuid": "2578cf58-e3c9-42a9-85a3-71b36818933c",
                      "parentUUID": "fb841626-ac3c-4dde-8a84-9c73a1f48a49",
                      "isHook": false,
                      "skipped": false
                    }
                  ],
                  "suites": [],
                  "passes": [
                    "4d37f439-426d-4d84-a03a-735119d03d38",
                    "c3ac6b52-4901-4849-b9d8-5b19bb47666b",
                    "67872c9a-64eb-4d10-ae95-9b7b3d016836",
                    "a6c7c5ed-e64b-43b0-a799-ca4769e8c97d",
                    "7bdade7e-ebb8-44de-9ec8-987a8175265b",
                    "f92c8c3b-75cc-491a-a6fc-911e5fc3d192",
                    "2578cf58-e3c9-42a9-85a3-71b36818933c"
                  ],
                  "failures": [],
                  "pending": [],
                  "skipped": [],
                  "duration": 23236,
                  "root": false,
                  "rootEmpty": false,
                  "_timeout": 2000
                },
                {
                  "uuid": "c8446457-da4a-4964-97cb-50b69adcbd60",
                  "title": "Search Mentors at Akademik tab",
                  "fullFile": "",
                  "file": "",
                  "beforeHooks": [],
                  "afterHooks": [],
                  "tests": [
                    {
                      "title": "should be search mentors by name at Akademik tab",
                      "fullTitle": "Landing Page Mentoring Search and View Mentors Search Mentors at Akademik tab should be search mentors by name at Akademik tab",
                      "timedOut": null,
                      "duration": 3599,
                      "state": "passed",
                      "speed": "fast",
                      "pass": true,
                      "fail": false,
                      "pending": false,
                      "context": null,
                      "code": "cy.xpath(`//input[@id=\"searchMentor\"]`).click({\n  force: true\n}).type(`${akademik.name}`);\ncy.wait(2000);\ncy.xpath(`//div[@class=\"mt-4 grid grid-cols-1 gap-y-4 lg:mt-6 lg:grid-cols-4 lg:gap-x-[22px] lg:gap-y-5\"]/a//h4`).should('have.length.greaterThan', 0).then($el => {\n  const found = [...$el].every(el => el.innerText.trim().includes(`${akademik.name}`));\n  cy.log(`mentor akademik found: ${[...$el].map(el => el.innerText.trim()).join(', ')}`);\n  if (found === true) {\n    expect(found).to.be.true;\n  } else {\n    expect(found).to.be.false;\n  }\n});",
                      "err": {},
                      "uuid": "6ba43d36-72a4-4e8b-9ae3-0f63dc77cc74",
                      "parentUUID": "c8446457-da4a-4964-97cb-50b69adcbd60",
                      "isHook": false,
                      "skipped": false
                    },
                    {
                      "title": "should be search mentors by company at Akademik tab",
                      "fullTitle": "Landing Page Mentoring Search and View Mentors Search Mentors at Akademik tab should be search mentors by company at Akademik tab",
                      "timedOut": null,
                      "duration": 3275,
                      "state": "passed",
                      "speed": "fast",
                      "pass": true,
                      "fail": false,
                      "pending": false,
                      "context": null,
                      "code": "cy.xpath(`//input[@id=\"searchMentor\"]`).click({\n  force: true\n}).type(`${akademik.company}`);\ncy.wait(2000);\ncy.xpath(`//div[@class=\"mt-4 grid grid-cols-1 gap-y-4 lg:mt-6 lg:grid-cols-4 lg:gap-x-[22px] lg:gap-y-5\"]/a`).should('have.length.greaterThan', 0).then($el => {\n  const found = [...$el].some(el => el.innerText.trim().includes(`${akademik.company}`));\n  if (found === true) {\n    expect(found).to.be.true;\n  } else {\n    expect(found).to.be.false;\n  }\n});",
                      "err": {},
                      "uuid": "0a0d5973-c55b-44f2-9e98-9612f5d0d48a",
                      "parentUUID": "c8446457-da4a-4964-97cb-50b69adcbd60",
                      "isHook": false,
                      "skipped": false
                    },
                    {
                      "title": "should be search mentors by role at Akademik tab",
                      "fullTitle": "Landing Page Mentoring Search and View Mentors Search Mentors at Akademik tab should be search mentors by role at Akademik tab",
                      "timedOut": null,
                      "duration": 3779,
                      "state": "passed",
                      "speed": "fast",
                      "pass": true,
                      "fail": false,
                      "pending": false,
                      "context": null,
                      "code": "cy.xpath(`//input[@id=\"searchMentor\"]`).click({\n  force: true\n}).type(`${akademik.role}`);\ncy.wait(2000);\ncy.xpath(`//div[@class=\"mt-4 grid grid-cols-1 gap-y-4 lg:mt-6 lg:grid-cols-4 lg:gap-x-[22px] lg:gap-y-5\"]/a`).should('have.length.greaterThan', 0).then($el => {\n  const found = [...$el].some(el => el.innerText.trim().includes(`${akademik.role}`));\n  if (found === true) {\n    expect(found).to.be.true;\n  } else {\n    expect(found).to.be.false;\n  }\n});",
                      "err": {},
                      "uuid": "302b9dfc-b094-4b52-a11b-101c2bddba73",
                      "parentUUID": "c8446457-da4a-4964-97cb-50b69adcbd60",
                      "isHook": false,
                      "skipped": false
                    },
                    {
                      "title": "should be search mentors by industries at Akademik tab",
                      "fullTitle": "Landing Page Mentoring Search and View Mentors Search Mentors at Akademik tab should be search mentors by industries at Akademik tab",
                      "timedOut": null,
                      "duration": 3070,
                      "state": "passed",
                      "speed": "fast",
                      "pass": true,
                      "fail": false,
                      "pending": false,
                      "context": null,
                      "code": "cy.xpath(`//input[@id=\"searchMentor\"]`).click({\n  force: true\n}).type(`${akademik.industry}`);\ncy.wait(2000);\ncy.xpath(`//div[@class=\"mt-4 grid grid-cols-1 gap-y-4 lg:mt-6 lg:grid-cols-4 lg:gap-x-[22px] lg:gap-y-5\"]/a`).should('have.length.greaterThan', 0).then($el => {\n  const found = [...$el].some(el => el.innerText.trim().includes(`${akademik.industry}`));\n  if (found === true) {\n    expect(found).to.be.true;\n  } else {\n    expect(found).to.be.false;\n  }\n});",
                      "err": {},
                      "uuid": "9bdafb26-b025-494c-8db9-6c7c8c997e54",
                      "parentUUID": "c8446457-da4a-4964-97cb-50b69adcbd60",
                      "isHook": false,
                      "skipped": false
                    },
                    {
                      "title": "should be search mentors by university at Akademik tab",
                      "fullTitle": "Landing Page Mentoring Search and View Mentors Search Mentors at Akademik tab should be search mentors by university at Akademik tab",
                      "timedOut": null,
                      "duration": 3606,
                      "state": "passed",
                      "speed": "fast",
                      "pass": true,
                      "fail": false,
                      "pending": false,
                      "context": null,
                      "code": "cy.xpath(`//input[@id=\"searchMentor\"]`).click({\n  force: true\n}).type(`${akademik.university}`);\ncy.wait(2000);\ncy.xpath(`//div[@class=\"mt-4 grid grid-cols-1 gap-y-4 lg:mt-6 lg:grid-cols-4 lg:gap-x-[22px] lg:gap-y-5\"]/a/div[2]/div[2]/div[2]/div`).should('have.length.greaterThan', 0).then($el => {\n  const found = [...$el].some(el => el.innerText.trim().includes(`${akademik.university}`));\n  if (found === true) {\n    expect(found).to.be.true;\n  } else {\n    expect(found).to.be.false;\n  }\n  cy.log(`university found: ${[...$el].map(el => el.innerText.trim()).join(', ')}`);\n});",
                      "err": {},
                      "uuid": "21c4927f-85cb-444d-b57c-7a215c206748",
                      "parentUUID": "c8446457-da4a-4964-97cb-50b69adcbd60",
                      "isHook": false,
                      "skipped": false
                    },
                    {
                      "title": "should be search mentors by major / jurusan at Akademik tab",
                      "fullTitle": "Landing Page Mentoring Search and View Mentors Search Mentors at Akademik tab should be search mentors by major / jurusan at Akademik tab",
                      "timedOut": null,
                      "duration": 3259,
                      "state": "passed",
                      "speed": "fast",
                      "pass": true,
                      "fail": false,
                      "pending": false,
                      "context": null,
                      "code": "cy.xpath(`//input[@id=\"searchMentor\"]`).click({\n  force: true\n}).type(`${akademik.jurusan}`);\ncy.wait(2000);\ncy.xpath(`//div[@class=\"mt-4 grid grid-cols-1 gap-y-4 lg:mt-6 lg:grid-cols-4 lg:gap-x-[22px] lg:gap-y-5\"]/a/div[2]/div[2]/div[1]/div`).should('have.length.greaterThan', 0).then($el => {\n  const found = [...$el].some(el => el.innerText.trim().includes(`${akademik.jurusan}`));\n  if (found === true) {\n    expect(found).to.be.true;\n  } else {\n    expect(found).to.be.false;\n  }\n  cy.log(`jurusan found: ${[...$el].map(el => el.innerText.trim()).join(', ')}`);\n});",
                      "err": {},
                      "uuid": "ca5cd9d1-0ea8-4b7a-be65-1fa76160e538",
                      "parentUUID": "c8446457-da4a-4964-97cb-50b69adcbd60",
                      "isHook": false,
                      "skipped": false
                    },
                    {
                      "title": "should be search mentors by topic at Akademik tab",
                      "fullTitle": "Landing Page Mentoring Search and View Mentors Search Mentors at Akademik tab should be search mentors by topic at Akademik tab",
                      "timedOut": null,
                      "duration": 3383,
                      "state": "passed",
                      "speed": "fast",
                      "pass": true,
                      "fail": false,
                      "pending": false,
                      "context": null,
                      "code": "cy.xpath(`//input[@id=\"searchMentor\"]`).click({\n  force: true\n}).type(`${akademik.topics}`);\ncy.wait(2000);\ncy.xpath(`//div[@class=\"mt-4 grid grid-cols-1 gap-y-4 lg:mt-6 lg:grid-cols-4 lg:gap-x-[22px] lg:gap-y-5\"]/a//div[@class=\"rc-overflow\"]//p`).should('have.length.greaterThan', 0).then($el => {\n  const found = [...$el].some(el => el.innerText.trim().includes(`${akademik.topics}`));\n  if (found === true) {\n    expect(found).to.be.true;\n  } else {\n    expect(found).to.be.false;\n  }\n  cy.log(`topic found: ${[...$el].map(el => el.innerText.trim()).join(', ')}`);\n});",
                      "err": {},
                      "uuid": "2e62aa4d-bb24-402a-a06e-419cdbd6cea9",
                      "parentUUID": "c8446457-da4a-4964-97cb-50b69adcbd60",
                      "isHook": false,
                      "skipped": false
                    }
                  ],
                  "suites": [],
                  "passes": [
                    "6ba43d36-72a4-4e8b-9ae3-0f63dc77cc74",
                    "0a0d5973-c55b-44f2-9e98-9612f5d0d48a",
                    "302b9dfc-b094-4b52-a11b-101c2bddba73",
                    "9bdafb26-b025-494c-8db9-6c7c8c997e54",
                    "21c4927f-85cb-444d-b57c-7a215c206748",
                    "ca5cd9d1-0ea8-4b7a-be65-1fa76160e538",
                    "2e62aa4d-bb24-402a-a06e-419cdbd6cea9"
                  ],
                  "failures": [],
                  "pending": [],
                  "skipped": [],
                  "duration": 23971,
                  "root": false,
                  "rootEmpty": false,
                  "_timeout": 2000
                },
                {
                  "uuid": "93e64655-42c4-49da-945e-84711f8cd5a5",
                  "title": "View Mentor Details",
                  "fullFile": "",
                  "file": "",
                  "beforeHooks": [],
                  "afterHooks": [],
                  "tests": [
                    {
                      "title": "view detail mentor at Karier tab",
                      "fullTitle": "Landing Page Mentoring Search and View Mentors View Mentor Details view detail mentor at Karier tab",
                      "timedOut": null,
                      "duration": 5328,
                      "state": "passed",
                      "speed": "medium",
                      "pass": true,
                      "fail": false,
                      "pending": false,
                      "context": null,
                      "code": "cy.xpath(`//input[@id=\"searchMentor\"]`).click({\n  force: true\n}).type(`${karier.company}`);\ncy.wait(2000);\ncy.xpath(`//div[@class=\"mt-4 grid grid-cols-1 gap-y-4 lg:mt-6 lg:grid-cols-4 lg:gap-x-[22px] lg:gap-y-5\"]/a`).should('have.length.greaterThan', 0).then($el => {\n  const total = $el.length;\n  const randomNumber = Math.floor(Math.random() * total) + 1;\n  cy.xpath(`//div[@class=\"mt-4 grid grid-cols-1 gap-y-4 lg:mt-6 lg:grid-cols-4 lg:gap-x-[22px] lg:gap-y-5\"]/a[${randomNumber}]`).should('be.visible').click();\n  cy.wait(2000);\n  cy.xpath(`//a[contains(text(), \"${input[lang].review}\")]`).should('be.visible').click({\n    multiple: true\n  });\n});",
                      "err": {},
                      "uuid": "7bcd02be-9c20-4139-b055-c99dab14d25f",
                      "parentUUID": "93e64655-42c4-49da-945e-84711f8cd5a5",
                      "isHook": false,
                      "skipped": false
                    },
                    {
                      "title": "view detail mentor at Akademik tab",
                      "fullTitle": "Landing Page Mentoring Search and View Mentors View Mentor Details view detail mentor at Akademik tab",
                      "timedOut": null,
                      "duration": 6074,
                      "state": "passed",
                      "speed": "medium",
                      "pass": true,
                      "fail": false,
                      "pending": false,
                      "context": null,
                      "code": "cy.xpath(`//div[@class=\"flex border-b border-b-neutral-15\"]/a[2]`).click();\ncy.xpath(`//input[@id=\"searchMentor\"]`).click({\n  force: true\n}).type(`${akademik.topics}`);\ncy.wait(2000);\ncy.xpath(`//div[@class=\"mt-4 grid grid-cols-1 gap-y-4 lg:mt-6 lg:grid-cols-4 lg:gap-x-[22px] lg:gap-y-5\"]/a//h4`).should('have.length.greaterThan', 0).then($el => {\n  const total = $el.length;\n  const randomNumber = Math.floor(Math.random() * total) + 1;\n  cy.xpath(`//div[@class=\"mt-4 grid grid-cols-1 gap-y-4 lg:mt-6 lg:grid-cols-4 lg:gap-x-[22px] lg:gap-y-5\"]/a[${randomNumber}]`).should('be.visible').click();\n  cy.wait(2000);\n  cy.xpath(`//a[contains(text(), \"${input[lang].review}\")]`).should('be.visible').click({\n    multiple: true\n  });\n});",
                      "err": {},
                      "uuid": "61b7ebc8-a1ab-40fd-a41a-0b410394ec05",
                      "parentUUID": "93e64655-42c4-49da-945e-84711f8cd5a5",
                      "isHook": false,
                      "skipped": false
                    }
                  ],
                  "suites": [],
                  "passes": [
                    "7bcd02be-9c20-4139-b055-c99dab14d25f",
                    "61b7ebc8-a1ab-40fd-a41a-0b410394ec05"
                  ],
                  "failures": [],
                  "pending": [],
                  "skipped": [],
                  "duration": 11402,
                  "root": false,
                  "rootEmpty": false,
                  "_timeout": 2000
                }
              ],
              "passes": [],
              "failures": [],
              "pending": [],
              "skipped": [],
              "duration": 0,
              "root": false,
              "rootEmpty": false,
              "_timeout": 2000
            }
          ],
          "passes": [],
          "failures": [],
          "pending": [],
          "skipped": [],
          "duration": 0,
          "root": false,
          "rootEmpty": false,
          "_timeout": 2000
        }
      ],
      "passes": [],
      "failures": [],
      "pending": [],
      "skipped": [],
      "duration": 0,
      "root": true,
      "rootEmpty": true,
      "_timeout": 2000
    }
  ],
  "meta": {
    "mocha": {
      "version": "7.2.0"
    },
    "mochawesome": {
      "options": {
        "quiet": false,
        "reportFilename": "mochawesome",
        "saveHtml": true,
        "saveJson": true,
        "consoleReporter": "spec",
        "useInlineDiffs": false,
        "code": true
      },
      "version": "7.1.3"
    },
    "marge": {
      "options": {
        "reportDir": "cypress/reports/mochawesome-report",
        "overwrite": true,
        "html": true,
        "json": true,
        "timestamp": "mmddyyyy_HHMMss"
      },
      "version": "6.2.0"
    }
  }
}